<?xml version="1.0" encoding="UTF-8"?>
<testsuite xmlns:xsi="http://www.w3.org/2001/XMLSchema-instance" xsi:noNamespaceSchemaLocation="https://maven.apache.org/surefire/maven-surefire-plugin/xsd/surefire-test-report.xsd" name="com.camping.camp.CampApplicationTests" time="7.841" tests="1" errors="1" skipped="0" failures="0">
  <properties>
[...]
</properties>
  <testcase name="contextLoads" classname="com.camping.camp.CampApplicationTests" time="0.008">
    <error message="Failed to load ApplicationContext" type="java.lang.IllegalStateException">java.lang.IllegalStateException: Failed to load ApplicationContext
Caused by: org.springframework.beans.factory.BeanCreationException: Error creating bean with name 'entityManagerFactory' defined in class path resource [org/springframework/boot/autoconfigure/orm/jpa/HibernateJpaConfiguration.class]: Invocation of init method failed; nested exception is javax.persistence.PersistenceException: [PersistenceUnit: default] Unable to build Hibernate SessionFactory; nested exception is org.hibernate.exception.GenericJDBCException: Unable to open JDBC Connection for DDL execution
Caused by: javax.persistence.PersistenceException: [PersistenceUnit: default] Unable to build Hibernate SessionFactory; nested exception is org.hibernate.exception.GenericJDBCException: Unable to open JDBC Connection for DDL execution
Caused by: org.hibernate.exception.GenericJDBCException: Unable to open JDBC Connection for DDL execution
Caused by: java.sql.SQLException: Accès refusé pour l'utilisateur: 'root'@'@localhost' (mot de passe: OUI)
</error>
    <system-out><![CDATA[02:45:39.212 [main] DEBUG org.springframework.test.context.BootstrapUtils - Instantiating CacheAwareContextLoaderDelegate from class [org.springframework.test.context.cache.DefaultCacheAwareContextLoaderDelegate]
02:45:39.225 [main] DEBUG org.springframework.test.context.BootstrapUtils - Instantiating BootstrapContext using constructor [public org.springframework.test.context.support.DefaultBootstrapContext(java.lang.Class,org.springframework.test.context.CacheAwareContextLoaderDelegate)]
02:45:39.279 [main] DEBUG org.springframework.test.context.BootstrapUtils - Instantiating TestContextBootstrapper for test class [com.camping.camp.CampApplicationTests] from class [org.springframework.boot.test.context.SpringBootTestContextBootstrapper]
02:45:39.295 [main] INFO org.springframework.boot.test.context.SpringBootTestContextBootstrapper - Neither @ContextConfiguration nor @ContextHierarchy found for test class [com.camping.camp.CampApplicationTests], using SpringBootContextLoader
02:45:39.299 [main] DEBUG org.springframework.test.context.support.AbstractContextLoader - Did not detect default resource location for test class [com.camping.camp.CampApplicationTests]: class path resource [com/camping/camp/CampApplicationTests-context.xml] does not exist
02:45:39.300 [main] DEBUG org.springframework.test.context.support.AbstractContextLoader - Did not detect default resource location for test class [com.camping.camp.CampApplicationTests]: class path resource [com/camping/camp/CampApplicationTestsContext.groovy] does not exist
02:45:39.300 [main] INFO org.springframework.test.context.support.AbstractContextLoader - Could not detect default resource locations for test class [com.camping.camp.CampApplicationTests]: no resource found for suffixes {-context.xml, Context.groovy}.
02:45:39.301 [main] INFO org.springframework.test.context.support.AnnotationConfigContextLoaderUtils - Could not detect default configuration classes for test class [com.camping.camp.CampApplicationTests]: CampApplicationTests does not declare any static, non-private, non-final, nested classes annotated with @Configuration.
02:45:39.369 [main] DEBUG org.springframework.test.context.support.ActiveProfilesUtils - Could not find an 'annotation declaring class' for annotation type [org.springframework.test.context.ActiveProfiles] and class [com.camping.camp.CampApplicationTests]
02:45:39.462 [main] DEBUG org.springframework.context.annotation.ClassPathScanningCandidateComponentProvider - Identified candidate component class: file [C:\Users\m.essid\Desktop\Camp\camp\target\classes\com\camping\camp\CampApplication.class]
02:45:39.464 [main] INFO org.springframework.boot.test.context.SpringBootTestContextBootstrapper - Found @SpringBootConfiguration com.camping.camp.CampApplication for test class com.camping.camp.CampApplicationTests
02:45:39.605 [main] DEBUG org.springframework.boot.test.context.SpringBootTestContextBootstrapper - @TestExecutionListeners is not present for class [com.camping.camp.CampApplicationTests]: using defaults.
02:45:39.606 [main] INFO org.springframework.boot.test.context.SpringBootTestContextBootstrapper - Loaded default TestExecutionListener class names from location [META-INF/spring.factories]: [org.springframework.boot.test.mock.mockito.MockitoTestExecutionListener, org.springframework.boot.test.mock.mockito.ResetMocksTestExecutionListener, org.springframework.boot.test.autoconfigure.restdocs.RestDocsTestExecutionListener, org.springframework.boot.test.autoconfigure.web.client.MockRestServiceServerResetTestExecutionListener, org.springframework.boot.test.autoconfigure.web.servlet.MockMvcPrintOnlyOnFailureTestExecutionListener, org.springframework.boot.test.autoconfigure.web.servlet.WebDriverTestExecutionListener, org.springframework.boot.test.autoconfigure.webservices.client.MockWebServiceServerTestExecutionListener, org.springframework.test.context.web.ServletTestExecutionListener, org.springframework.test.context.support.DirtiesContextBeforeModesTestExecutionListener, org.springframework.test.context.event.ApplicationEventsTestExecutionListener, org.springframework.test.context.support.DependencyInjectionTestExecutionListener, org.springframework.test.context.support.DirtiesContextTestExecutionListener, org.springframework.test.context.transaction.TransactionalTestExecutionListener, org.springframework.test.context.jdbc.SqlScriptsTestExecutionListener, org.springframework.test.context.event.EventPublishingTestExecutionListener, org.springframework.security.test.context.support.WithSecurityContextTestExecutionListener, org.springframework.security.test.context.support.ReactorContextTestExecutionListener]
02:45:39.642 [main] INFO org.springframework.boot.test.context.SpringBootTestContextBootstrapper - Using TestExecutionListeners: [org.springframework.test.context.web.ServletTestExecutionListener@e98770d, org.springframework.test.context.support.DirtiesContextBeforeModesTestExecutionListener@1ae67cad, org.springframework.test.context.event.ApplicationEventsTestExecutionListener@2f6e28bc, org.springframework.boot.test.mock.mockito.MockitoTestExecutionListener@7c098bb3, org.springframework.boot.test.autoconfigure.SpringBootDependencyInjectionTestExecutionListener@31e4bb20, org.springframework.test.context.support.DirtiesContextTestExecutionListener@18cebaa5, org.springframework.test.context.transaction.TransactionalTestExecutionListener@463b4ac8, org.springframework.test.context.jdbc.SqlScriptsTestExecutionListener@765f05af, org.springframework.test.context.event.EventPublishingTestExecutionListener@62f68dff, org.springframework.security.test.context.support.WithSecurityContextTestExecutionListener@f001896, org.springframework.security.test.context.support.ReactorContextTestExecutionListener@13f17eb4, org.springframework.boot.test.mock.mockito.ResetMocksTestExecutionListener@1d0d6318, org.springframework.boot.test.autoconfigure.restdocs.RestDocsTestExecutionListener@4bc28c33, org.springframework.boot.test.autoconfigure.web.client.MockRestServiceServerResetTestExecutionListener@4409e975, org.springframework.boot.test.autoconfigure.web.servlet.MockMvcPrintOnlyOnFailureTestExecutionListener@5c153b9e, org.springframework.boot.test.autoconfigure.web.servlet.WebDriverTestExecutionListener@2a7686a7, org.springframework.boot.test.autoconfigure.webservices.client.MockWebServiceServerTestExecutionListener@758a34ce]
02:45:39.649 [main] DEBUG org.springframework.test.context.support.AbstractDirtiesContextTestExecutionListener - Before test class: context [DefaultTestContext@2ccca26f testClass = CampApplicationTests, testInstance = [null], testMethod = [null], testException = [null], mergedContextConfiguration = [WebMergedContextConfiguration@66b7550d testClass = CampApplicationTests, locations = '{}', classes = '{class com.camping.camp.CampApplication}', contextInitializerClasses = '[]', activeProfiles = '{}', propertySourceLocations = '{}', propertySourceProperties = '{org.springframework.boot.test.context.SpringBootTestContextBootstrapper=true}', contextCustomizers = set[org.springframework.boot.test.context.filter.ExcludeFilterContextCustomizer@3116c353, org.springframework.boot.test.json.DuplicateJsonObjectContextCustomizerFactory$DuplicateJsonObjectContextCustomizer@2e32ccc5, org.springframework.boot.test.mock.mockito.MockitoContextCustomizer@0, org.springframework.boot.test.web.client.TestRestTemplateContextCustomizer@329dbdbf, org.springframework.boot.test.autoconfigure.actuate.metrics.MetricsExportContextCustomizerFactory$DisableMetricExportContextCustomizer@2fba3fc4, org.springframework.boot.test.autoconfigure.properties.PropertyMappingContextCustomizer@0, org.springframework.boot.test.autoconfigure.web.servlet.WebDriverContextCustomizerFactory$Customizer@29a5f4e7, org.springframework.boot.test.context.SpringBootTestArgs@1, org.springframework.boot.test.context.SpringBootTestWebEnvironment@243c4f91], resourceBasePath = 'src/main/webapp', contextLoader = 'org.springframework.boot.test.context.SpringBootContextLoader', parent = [null]], attributes = map['org.springframework.test.context.web.ServletTestExecutionListener.activateListener' -> true]], class annotated with @DirtiesContext [false] with mode [null].
2023-07-21 02:45:40.135 TRACE 29880 --- [           main] o.s.c.io.support.SpringFactoriesLoader   : Loaded [org.springframework.boot.ApplicationContextFactory] names: [org.springframework.boot.web.reactive.context.AnnotationConfigReactiveWebServerApplicationContext.Factory, org.springframework.boot.web.servlet.context.AnnotationConfigServletWebServerApplicationContext.Factory]

  .   ____          _            __ _ _
 /\\ / ___'_ __ _ _(_)_ __  __ _ \ \ \ \
( ( )\___ | '_ | '_| | '_ \/ _` | \ \ \ \
 \\/  ___)| |_)| | | | | || (_| |  ) ) ) )
  '  |____| .__|_| |_|_| |_\__, | / / / /
 =========|_|==============|___/=/_/_/_/
 :: Spring Boot ::               (v2.7.12)

2023-07-21 02:45:40.211 TRACE 29880 --- [           main] o.s.b.f.s.DefaultListableBeanFactory     : Registering scope 'restart' with implementation [org.springframework.boot.devtools.restart.RestartScopeInitializer$RestartScope@49d98dc5]
2023-07-21 02:45:40.220  INFO 29880 --- [           main] com.camping.camp.CampApplicationTests    : Starting CampApplicationTests using Java 11.0.18 on mESSID1-PC with PID 29880 (started by m.essid in C:\Users\m.essid\Desktop\Camp\camp)
2023-07-21 02:45:40.221 DEBUG 29880 --- [           main] com.camping.camp.CampApplicationTests    : Running with Spring Boot v2.7.12, Spring v5.3.27
2023-07-21 02:45:40.222  INFO 29880 --- [           main] com.camping.camp.CampApplicationTests    : No active profile set, falling back to 1 default profile: "default"
2023-07-21 02:45:40.222 DEBUG 29880 --- [           main] o.s.boot.SpringApplication               : Loading source class com.camping.camp.CampApplication
2023-07-21 02:45:40.248 TRACE 29880 --- [           main] o.s.c.a.ClassPathBeanDefinitionScanner   : JSR-250 'javax.annotation.ManagedBean' found and supported for component scanning
2023-07-21 02:45:40.270 TRACE 29880 --- [           main] o.s.boot.env.EnvironmentPostProcessor    : RandomValuePropertySource add to Environment
2023-07-21 02:45:40.270 TRACE 29880 --- [           main] b.c.c.ConfigDataEnvironmentPostProcessor : Post-processing environment to add config data
2023-07-21 02:45:40.270 TRACE 29880 --- [           main] o.s.b.c.config.ConfigDataEnvironment     : Building config data environment contributors
2023-07-21 02:45:40.270 TRACE 29880 --- [           main] o.s.b.c.config.ConfigDataEnvironment     : Creating wrapped config data contributor for 'Inlined Test Properties'
2023-07-21 02:45:40.270 TRACE 29880 --- [           main] o.s.b.c.config.ConfigDataEnvironment     : Creating wrapped config data contributor for 'configurationProperties'
2023-07-21 02:45:40.271 TRACE 29880 --- [           main] o.s.b.c.config.ConfigDataEnvironment     : Creating wrapped config data contributor for 'servletConfigInitParams'
2023-07-21 02:45:40.271 TRACE 29880 --- [           main] o.s.b.c.config.ConfigDataEnvironment     : Creating wrapped config data contributor for 'servletContextInitParams'
2023-07-21 02:45:40.271 TRACE 29880 --- [           main] o.s.b.c.config.ConfigDataEnvironment     : Creating wrapped config data contributor for 'systemProperties'
2023-07-21 02:45:40.271 TRACE 29880 --- [           main] o.s.b.c.config.ConfigDataEnvironment     : Creating wrapped config data contributor for 'systemEnvironment'
2023-07-21 02:45:40.271 TRACE 29880 --- [           main] o.s.b.c.config.ConfigDataEnvironment     : Creating wrapped config data contributor for 'random'
2023-07-21 02:45:40.271 TRACE 29880 --- [           main] o.s.b.c.config.ConfigDataEnvironment     : Adding initial config data import from location 'optional:file:./;optional:file:./config/;optional:file:./config/*/'
2023-07-21 02:45:40.271 TRACE 29880 --- [           main] o.s.b.c.config.ConfigDataEnvironment     : Adding initial config data import from location 'optional:classpath:/;optional:classpath:/config/'
2023-07-21 02:45:40.271 TRACE 29880 --- [           main] o.s.b.c.config.ConfigDataEnvironment     : Processing initial config data environment contributors without activation context
2023-07-21 02:45:40.272 TRACE 29880 --- [           main] .b.c.c.ConfigDataEnvironmentContributors : Processing imports for phase BEFORE_PROFILE_ACTIVATION. no activation context
2023-07-21 02:45:40.272 TRACE 29880 --- [           main] .b.c.c.ConfigDataEnvironmentContributors : Processing imports [optional:file:./;optional:file:./config/;optional:file:./config/*/]
2023-07-21 02:45:40.272 TRACE 29880 --- [           main] o.s.b.c.c.ConfigDataLocationResolver     : Skipping missing resource file:./application.yaml
2023-07-21 02:45:40.272 TRACE 29880 --- [           main] o.s.b.c.c.ConfigDataLocationResolver     : Skipping missing resource file:./application.yml
2023-07-21 02:45:40.272 TRACE 29880 --- [           main] o.s.b.c.c.ConfigDataLocationResolver     : Skipping missing resource file:./application.xml
2023-07-21 02:45:40.272 TRACE 29880 --- [           main] o.s.b.c.c.ConfigDataLocationResolver     : Skipping missing resource file:./application.properties
2023-07-21 02:45:40.272 TRACE 29880 --- [           main] o.s.b.c.c.ConfigDataLocationResolver     : Skipping missing resource file:./config/application.yaml
2023-07-21 02:45:40.273 TRACE 29880 --- [           main] o.s.b.c.c.ConfigDataLocationResolver     : Skipping missing resource file:./config/application.yml
2023-07-21 02:45:40.274 TRACE 29880 --- [           main] o.s.b.c.c.ConfigDataLocationResolver     : Skipping missing resource file:./config/application.xml
2023-07-21 02:45:40.274 TRACE 29880 --- [           main] o.s.b.c.c.ConfigDataLocationResolver     : Skipping missing resource file:./config/application.properties
2023-07-21 02:45:40.274 TRACE 29880 --- [           main] o.s.b.context.config.ConfigDataImporter  : Considering resource file [.] from location optional:file:./;optional:file:./config/;optional:file:./config/*/
2023-07-21 02:45:40.274 TRACE 29880 --- [           main] o.s.b.context.config.ConfigDataLoaders   : Loading file [.] using loader org.springframework.boot.context.config.StandardConfigDataLoader
2023-07-21 02:45:40.274 TRACE 29880 --- [           main] o.s.b.context.config.ConfigDataImporter  : Loaded resource file [.] from location optional:file:./;optional:file:./config/;optional:file:./config/*/
2023-07-21 02:45:40.274 TRACE 29880 --- [           main] .b.c.c.ConfigDataEnvironmentContributors : Imported 1 resource [file [.]]
2023-07-21 02:45:40.275 TRACE 29880 --- [           main] .b.c.c.ConfigDataEnvironmentContributors : Processing imports [optional:classpath:/;optional:classpath:/config/]
2023-07-21 02:45:40.275 TRACE 29880 --- [           main] o.s.b.c.c.ConfigDataLocationResolver     : Skipping missing resource classpath:/application.yaml
2023-07-21 02:45:40.275 TRACE 29880 --- [           main] o.s.b.c.c.ConfigDataLocationResolver     : Skipping missing resource classpath:/application.yml
2023-07-21 02:45:40.276 TRACE 29880 --- [           main] o.s.b.c.c.ConfigDataLocationResolver     : Skipping missing resource classpath:/application.xml
2023-07-21 02:45:40.276 TRACE 29880 --- [           main] o.s.b.c.c.ConfigDataLocationResolver     : Skipping missing resource classpath:/config/application.yaml
2023-07-21 02:45:40.276 TRACE 29880 --- [           main] o.s.b.c.c.ConfigDataLocationResolver     : Skipping missing resource classpath:/config/application.yml
2023-07-21 02:45:40.276 TRACE 29880 --- [           main] o.s.b.c.c.ConfigDataLocationResolver     : Skipping missing resource classpath:/config/application.xml
2023-07-21 02:45:40.276 TRACE 29880 --- [           main] o.s.b.c.c.ConfigDataLocationResolver     : Skipping missing resource classpath:/config/application.properties
2023-07-21 02:45:40.276 TRACE 29880 --- [           main] o.s.b.context.config.ConfigDataImporter  : Considering resource class path resource [application.properties] from location optional:classpath:/;optional:classpath:/config/
2023-07-21 02:45:40.276 TRACE 29880 --- [           main] o.s.b.context.config.ConfigDataLoaders   : Loading class path resource [application.properties] using loader org.springframework.boot.context.config.StandardConfigDataLoader
2023-07-21 02:45:40.277 TRACE 29880 --- [           main] o.s.b.context.config.ConfigDataImporter  : Loaded resource class path resource [application.properties] from location optional:classpath:/;optional:classpath:/config/
2023-07-21 02:45:40.277 TRACE 29880 --- [           main] .b.c.c.ConfigDataEnvironmentContributors : Imported 1 resource [class path resource [application.properties]]
2023-07-21 02:45:40.277 TRACE 29880 --- [           main] .b.c.c.ConfigDataEnvironmentContributors : Processed imports for of 2 contributors
2023-07-21 02:45:40.277 TRACE 29880 --- [           main] o.s.b.c.config.ConfigDataEnvironment     : Creating config data activation context from initial contributions
2023-07-21 02:45:40.277 TRACE 29880 --- [           main] o.s.b.c.config.ConfigDataEnvironment     : Processing config data environment contributors with initial activation context
2023-07-21 02:45:40.277 TRACE 29880 --- [           main] .b.c.c.ConfigDataEnvironmentContributors : Processing imports for phase BEFORE_PROFILE_ACTIVATION. [ConfigDataActivationContext@155d1021 cloudPlatform = [null], profiles = [null]]
2023-07-21 02:45:40.277 TRACE 29880 --- [           main] .b.c.c.ConfigDataEnvironmentContributors : Processed imports for of 0 contributors
2023-07-21 02:45:40.277 TRACE 29880 --- [           main] o.s.b.c.config.ConfigDataEnvironment     : Deducing profiles from current config data environment contributors
2023-07-21 02:45:40.277 TRACE 29880 --- [           main] o.s.b.c.config.ConfigDataEnvironment     : Processing config data environment contributors with profile activation context
2023-07-21 02:45:40.278 TRACE 29880 --- [           main] .b.c.c.ConfigDataEnvironmentContributors : Processing imports for phase AFTER_PROFILE_ACTIVATION. [ConfigDataActivationContext@4bd2f0dc cloudPlatform = [null], profiles = [Profiles@2e647e59 active = '[]', default = '[default]', accepted = '[default]']]
2023-07-21 02:45:40.278 TRACE 29880 --- [           main] .b.c.c.ConfigDataEnvironmentContributors : Processing imports [optional:file:./;optional:file:./config/;optional:file:./config/*/]
2023-07-21 02:45:40.278 TRACE 29880 --- [           main] o.s.b.c.c.ConfigDataLocationResolver     : Skipping missing resource file:./application.yaml
2023-07-21 02:45:40.278 TRACE 29880 --- [           main] o.s.b.c.c.ConfigDataLocationResolver     : Skipping missing resource file:./application.yml
2023-07-21 02:45:40.278 TRACE 29880 --- [           main] o.s.b.c.c.ConfigDataLocationResolver     : Skipping missing resource file:./application.xml
2023-07-21 02:45:40.278 TRACE 29880 --- [           main] o.s.b.c.c.ConfigDataLocationResolver     : Skipping missing resource file:./application.properties
2023-07-21 02:45:40.278 TRACE 29880 --- [           main] o.s.b.c.c.ConfigDataLocationResolver     : Skipping missing resource file:./config/application.yaml
2023-07-21 02:45:40.278 TRACE 29880 --- [           main] o.s.b.c.c.ConfigDataLocationResolver     : Skipping missing resource file:./config/application.yml
2023-07-21 02:45:40.278 TRACE 29880 --- [           main] o.s.b.c.c.ConfigDataLocationResolver     : Skipping missing resource file:./config/application.xml
2023-07-21 02:45:40.278 TRACE 29880 --- [           main] o.s.b.c.c.ConfigDataLocationResolver     : Skipping missing resource file:./config/application.properties
2023-07-21 02:45:40.279 TRACE 29880 --- [           main] o.s.b.c.c.ConfigDataLocationResolver     : Skipping missing resource file:./application-default.yaml
2023-07-21 02:45:40.279 TRACE 29880 --- [           main] o.s.b.c.c.ConfigDataLocationResolver     : Skipping missing resource file:./application-default.yml
2023-07-21 02:45:40.279 TRACE 29880 --- [           main] o.s.b.c.c.ConfigDataLocationResolver     : Skipping missing resource file:./application-default.xml
2023-07-21 02:45:40.280 TRACE 29880 --- [           main] o.s.b.c.c.ConfigDataLocationResolver     : Skipping missing resource file:./application-default.properties
2023-07-21 02:45:40.280 TRACE 29880 --- [           main] o.s.b.c.c.ConfigDataLocationResolver     : Skipping missing resource file:./config/application-default.yaml
2023-07-21 02:45:40.280 TRACE 29880 --- [           main] o.s.b.c.c.ConfigDataLocationResolver     : Skipping missing resource file:./config/application-default.yml
2023-07-21 02:45:40.280 TRACE 29880 --- [           main] o.s.b.c.c.ConfigDataLocationResolver     : Skipping missing resource file:./config/application-default.xml
2023-07-21 02:45:40.280 TRACE 29880 --- [           main] o.s.b.c.c.ConfigDataLocationResolver     : Skipping missing resource file:./config/application-default.properties
2023-07-21 02:45:40.280 TRACE 29880 --- [           main] o.s.b.context.config.ConfigDataImporter  : Considering resource file [.] from location optional:file:./;optional:file:./config/;optional:file:./config/*/
2023-07-21 02:45:40.281 TRACE 29880 --- [           main] o.s.b.context.config.ConfigDataImporter  : Already loaded resource file [.] ignoring location optional:file:./;optional:file:./config/;optional:file:./config/*/
2023-07-21 02:45:40.281 TRACE 29880 --- [           main] o.s.b.context.config.ConfigDataImporter  : Considering resource file [.] from location optional:file:./;optional:file:./config/;optional:file:./config/*/
2023-07-21 02:45:40.281 TRACE 29880 --- [           main] o.s.b.context.config.ConfigDataImporter  : Already loaded resource file [.] ignoring location optional:file:./;optional:file:./config/;optional:file:./config/*/
2023-07-21 02:45:40.281 TRACE 29880 --- [           main] .b.c.c.ConfigDataEnvironmentContributors : Nothing imported
2023-07-21 02:45:40.281 TRACE 29880 --- [           main] .b.c.c.ConfigDataEnvironmentContributors : Processing imports [optional:classpath:/;optional:classpath:/config/]
2023-07-21 02:45:40.281 TRACE 29880 --- [           main] o.s.b.c.c.ConfigDataLocationResolver     : Skipping missing resource classpath:/application.yaml
2023-07-21 02:45:40.281 TRACE 29880 --- [           main] o.s.b.c.c.ConfigDataLocationResolver     : Skipping missing resource classpath:/application.yml
2023-07-21 02:45:40.281 TRACE 29880 --- [           main] o.s.b.c.c.ConfigDataLocationResolver     : Skipping missing resource classpath:/application.xml
2023-07-21 02:45:40.281 TRACE 29880 --- [           main] o.s.b.c.c.ConfigDataLocationResolver     : Skipping missing resource classpath:/config/application.yaml
2023-07-21 02:45:40.282 TRACE 29880 --- [           main] o.s.b.c.c.ConfigDataLocationResolver     : Skipping missing resource classpath:/config/application.yml
2023-07-21 02:45:40.282 TRACE 29880 --- [           main] o.s.b.c.c.ConfigDataLocationResolver     : Skipping missing resource classpath:/config/application.xml
2023-07-21 02:45:40.282 TRACE 29880 --- [           main] o.s.b.c.c.ConfigDataLocationResolver     : Skipping missing resource classpath:/config/application.properties
2023-07-21 02:45:40.282 TRACE 29880 --- [           main] o.s.b.c.c.ConfigDataLocationResolver     : Skipping missing resource classpath:/application-default.yaml
2023-07-21 02:45:40.282 TRACE 29880 --- [           main] o.s.b.c.c.ConfigDataLocationResolver     : Skipping missing resource classpath:/application-default.yml
2023-07-21 02:45:40.282 TRACE 29880 --- [           main] o.s.b.c.c.ConfigDataLocationResolver     : Skipping missing resource classpath:/application-default.xml
2023-07-21 02:45:40.282 TRACE 29880 --- [           main] o.s.b.c.c.ConfigDataLocationResolver     : Skipping missing resource classpath:/application-default.properties
2023-07-21 02:45:40.282 TRACE 29880 --- [           main] o.s.b.c.c.ConfigDataLocationResolver     : Skipping missing resource classpath:/config/application-default.yaml
2023-07-21 02:45:40.282 TRACE 29880 --- [           main] o.s.b.c.c.ConfigDataLocationResolver     : Skipping missing resource classpath:/config/application-default.yml
2023-07-21 02:45:40.282 TRACE 29880 --- [           main] o.s.b.c.c.ConfigDataLocationResolver     : Skipping missing resource classpath:/config/application-default.xml
2023-07-21 02:45:40.282 TRACE 29880 --- [           main] o.s.b.c.c.ConfigDataLocationResolver     : Skipping missing resource classpath:/config/application-default.properties
2023-07-21 02:45:40.282 TRACE 29880 --- [           main] o.s.b.context.config.ConfigDataImporter  : Considering resource class path resource [application.properties] from location optional:classpath:/;optional:classpath:/config/
2023-07-21 02:45:40.283 TRACE 29880 --- [           main] o.s.b.context.config.ConfigDataImporter  : Already loaded resource class path resource [application.properties] ignoring location optional:classpath:/;optional:classpath:/config/
2023-07-21 02:45:40.283 TRACE 29880 --- [           main] .b.c.c.ConfigDataEnvironmentContributors : Nothing imported
2023-07-21 02:45:40.283 TRACE 29880 --- [           main] .b.c.c.ConfigDataEnvironmentContributors : Processed imports for of 2 contributors
2023-07-21 02:45:40.283 TRACE 29880 --- [           main] o.s.b.c.config.ConfigDataEnvironment     : Applying config data environment contributions
2023-07-21 02:45:40.283 TRACE 29880 --- [           main] o.s.b.c.config.ConfigDataEnvironment     : Adding imported property source 'Config resource 'class path resource [application.properties]' via location 'optional:classpath:/''
2023-07-21 02:45:40.283 TRACE 29880 --- [           main] o.s.b.c.config.ConfigDataEnvironment     : Setting default profiles: [default]
2023-07-21 02:45:40.283 TRACE 29880 --- [           main] o.s.b.c.config.ConfigDataEnvironment     : Setting active profiles: []
2023-07-21 02:45:40.293 TRACE 29880 --- [           main] o.s.w.c.s.GenericWebApplicationContext   : Refreshing org.springframework.web.context.support.GenericWebApplicationContext@545f80bf, started on Fri Jul 21 02:45:40 WAT 2023
2023-07-21 02:45:40.311 TRACE 29880 --- [           main] o.s.b.f.s.DefaultListableBeanFactory     : Registering scope 'request' with implementation [org.springframework.web.context.request.RequestScope@5a4c638d]
2023-07-21 02:45:40.311 TRACE 29880 --- [           main] o.s.b.f.s.DefaultListableBeanFactory     : Registering scope 'session' with implementation [org.springframework.web.context.request.SessionScope@1f12e153]
2023-07-21 02:45:40.311 TRACE 29880 --- [           main] o.s.b.f.s.DefaultListableBeanFactory     : Registering scope 'application' with implementation [org.springframework.web.context.support.ServletContextScope@3a60c416]
2023-07-21 02:45:40.323 DEBUG 29880 --- [           main] o.s.b.f.s.DefaultListableBeanFactory     : Creating shared instance of singleton bean 'org.springframework.context.annotation.internalConfigurationAnnotationProcessor'
2023-07-21 02:45:40.324 TRACE 29880 --- [           main] o.s.b.f.s.DefaultListableBeanFactory     : Creating instance of bean 'org.springframework.context.annotation.internalConfigurationAnnotationProcessor'
2023-07-21 02:45:40.333 TRACE 29880 --- [           main] o.s.b.f.s.DefaultListableBeanFactory     : Eagerly caching bean 'org.springframework.context.annotation.internalConfigurationAnnotationProcessor' to allow for resolving potential circular references
2023-07-21 02:45:40.347 DEBUG 29880 --- [           main] o.s.b.f.s.DefaultListableBeanFactory     : Creating shared instance of singleton bean 'org.springframework.boot.autoconfigure.internalCachingMetadataReaderFactory'
2023-07-21 02:45:40.347 TRACE 29880 --- [           main] o.s.b.f.s.DefaultListableBeanFactory     : Creating instance of bean 'org.springframework.boot.autoconfigure.internalCachingMetadataReaderFactory'
2023-07-21 02:45:40.347 TRACE 29880 --- [           main] o.s.b.f.s.DefaultListableBeanFactory     : Eagerly caching bean 'org.springframework.boot.autoconfigure.internalCachingMetadataReaderFactory' to allow for resolving potential circular references
2023-07-21 02:45:40.349 TRACE 29880 --- [           main] o.s.b.f.s.DefaultListableBeanFactory     : Finished creating instance of bean 'org.springframework.boot.autoconfigure.internalCachingMetadataReaderFactory'
2023-07-21 02:45:40.353 TRACE 29880 --- [           main] o.s.c.io.support.SpringFactoriesLoader   : Loaded [org.springframework.beans.BeanInfoFactory] names: [org.springframework.beans.ExtendedBeanInfoFactory]
2023-07-21 02:45:40.355 TRACE 29880 --- [           main] o.s.beans.CachedIntrospectionResults     : Getting BeanInfo for class [org.springframework.context.annotation.ConfigurationClassPostProcessor]
2023-07-21 02:45:40.369 TRACE 29880 --- [           main] o.s.beans.CachedIntrospectionResults     : Caching PropertyDescriptors for class [org.springframework.context.annotation.ConfigurationClassPostProcessor]
2023-07-21 02:45:40.370 TRACE 29880 --- [           main] o.s.beans.CachedIntrospectionResults     : Found bean property 'applicationStartup' of type [org.springframework.core.metrics.ApplicationStartup]
2023-07-21 02:45:40.370 TRACE 29880 --- [           main] o.s.beans.CachedIntrospectionResults     : Found bean property 'beanClassLoader' of type [java.lang.ClassLoader]
2023-07-21 02:45:40.370 TRACE 29880 --- [           main] o.s.beans.CachedIntrospectionResults     : Found bean property 'beanNameGenerator' of type [org.springframework.beans.factory.support.BeanNameGenerator]
2023-07-21 02:45:40.370 TRACE 29880 --- [           main] o.s.beans.CachedIntrospectionResults     : Found bean property 'class' of type [java.lang.Class]
2023-07-21 02:45:40.371 TRACE 29880 --- [           main] o.s.beans.CachedIntrospectionResults     : Found bean property 'environment' of type [org.springframework.core.env.Environment]
2023-07-21 02:45:40.371 TRACE 29880 --- [           main] o.s.beans.CachedIntrospectionResults     : Found bean property 'metadataReaderFactory' of type [org.springframework.core.type.classreading.MetadataReaderFactory]
2023-07-21 02:45:40.371 TRACE 29880 --- [           main] o.s.beans.CachedIntrospectionResults     : Found bean property 'order' of type [int]
2023-07-21 02:45:40.371 TRACE 29880 --- [           main] o.s.beans.CachedIntrospectionResults     : Found bean property 'problemReporter' of type [org.springframework.beans.factory.parsing.ProblemReporter]
2023-07-21 02:45:40.371 TRACE 29880 --- [           main] o.s.beans.CachedIntrospectionResults     : Found bean property 'resourceLoader' of type [org.springframework.core.io.ResourceLoader]
2023-07-21 02:45:40.371 TRACE 29880 --- [           main] o.s.beans.CachedIntrospectionResults     : Found bean property 'sourceExtractor' of type [org.springframework.beans.factory.parsing.SourceExtractor]
2023-07-21 02:45:40.385 TRACE 29880 --- [           main] o.s.b.f.s.DefaultListableBeanFactory     : Finished creating instance of bean 'org.springframework.context.annotation.internalConfigurationAnnotationProcessor'
2023-07-21 02:45:40.400 TRACE 29880 --- [           main] o.s.c.a.ClassPathBeanDefinitionScanner   : JSR-250 'javax.annotation.ManagedBean' found and supported for component scanning
2023-07-21 02:45:40.405 TRACE 29880 --- [           main] .i.s.PathMatchingResourcePatternResolver : Resolved classpath location [com/camping/camp/] to resources [URL [file:/C:/Users/m.essid/Desktop/Camp/camp/target/test-classes/com/camping/camp/], URL [file:/C:/Users/m.essid/Desktop/Camp/camp/target/classes/com/camping/camp/]]
2023-07-21 02:45:40.406 TRACE 29880 --- [           main] .i.s.PathMatchingResourcePatternResolver : Looking for matching resources in directory tree [C:\Users\m.essid\Desktop\Camp\camp\target\test-classes\com\camping\camp]
2023-07-21 02:45:40.406 TRACE 29880 --- [           main] .i.s.PathMatchingResourcePatternResolver : Searching directory [C:\Users\m.essid\Desktop\Camp\camp\target\test-classes\com\camping\camp] for files matching pattern [C:/Users/m.essid/Desktop/Camp/camp/target/test-classes/com/camping/camp/**/*.class]
2023-07-21 02:45:40.406 TRACE 29880 --- [           main] .i.s.PathMatchingResourcePatternResolver : Looking for matching resources in directory tree [C:\Users\m.essid\Desktop\Camp\camp\target\classes\com\camping\camp]
2023-07-21 02:45:40.406 TRACE 29880 --- [           main] .i.s.PathMatchingResourcePatternResolver : Searching directory [C:\Users\m.essid\Desktop\Camp\camp\target\classes\com\camping\camp] for files matching pattern [C:/Users/m.essid/Desktop/Camp/camp/target/classes/com/camping/camp/**/*.class]
2023-07-21 02:45:40.408 TRACE 29880 --- [           main] .i.s.PathMatchingResourcePatternResolver : Searching directory [C:\Users\m.essid\Desktop\Camp\camp\target\classes\com\camping\camp\Configuration] for files matching pattern [C:/Users/m.essid/Desktop/Camp/camp/target/classes/com/camping/camp/**/*.class]
2023-07-21 02:45:40.409 TRACE 29880 --- [           main] .i.s.PathMatchingResourcePatternResolver : Searching directory [C:\Users\m.essid\Desktop\Camp\camp\target\classes\com\camping\camp\Controllers] for files matching pattern [C:/Users/m.essid/Desktop/Camp/camp/target/classes/com/camping/camp/**/*.class]
2023-07-21 02:45:40.410 TRACE 29880 --- [           main] .i.s.PathMatchingResourcePatternResolver : Searching directory [C:\Users\m.essid\Desktop\Camp\camp\target\classes\com\camping\camp\Exception] for files matching pattern [C:/Users/m.essid/Desktop/Camp/camp/target/classes/com/camping/camp/**/*.class]
2023-07-21 02:45:40.411 TRACE 29880 --- [           main] .i.s.PathMatchingResourcePatternResolver : Searching directory [C:\Users\m.essid\Desktop\Camp\camp\target\classes\com\camping\camp\Exception\handler] for files matching pattern [C:/Users/m.essid/Desktop/Camp/camp/target/classes/com/camping/camp/**/*.class]
2023-07-21 02:45:40.412 TRACE 29880 --- [           main] .i.s.PathMatchingResourcePatternResolver : Searching directory [C:\Users\m.essid\Desktop\Camp\camp\target\classes\com\camping\camp\Security] for files matching pattern [C:/Users/m.essid/Desktop/Camp/camp/target/classes/com/camping/camp/**/*.class]
2023-07-21 02:45:40.412 TRACE 29880 --- [           main] .i.s.PathMatchingResourcePatternResolver : Searching directory [C:\Users\m.essid\Desktop\Camp\camp\target\classes\com\camping\camp\Security\Jwt] for files matching pattern [C:/Users/m.essid/Desktop/Camp/camp/target/classes/com/camping/camp/**/*.class]
2023-07-21 02:45:40.413 TRACE 29880 --- [           main] .i.s.PathMatchingResourcePatternResolver : Searching directory [C:\Users\m.essid\Desktop\Camp\camp\target\classes\com\camping\camp\Security\oauth2] for files matching pattern [C:/Users/m.essid/Desktop/Camp/camp/target/classes/com/camping/camp/**/*.class]
2023-07-21 02:45:40.416 TRACE 29880 --- [           main] .i.s.PathMatchingResourcePatternResolver : Searching directory [C:\Users\m.essid\Desktop\Camp\camp\target\classes\com\camping\camp\Util] for files matching pattern [C:/Users/m.essid/Desktop/Camp/camp/target/classes/com/camping/camp/**/*.class]
2023-07-21 02:45:40.417 TRACE 29880 --- [           main] .i.s.PathMatchingResourcePatternResolver : Searching directory [C:\Users\m.essid\Desktop\Camp\camp\target\classes\com\camping\camp\Validator] for files matching pattern [C:/Users/m.essid/Desktop/Camp/camp/target/classes/com/camping/camp/**/*.class]
2023-07-21 02:45:40.418 TRACE 29880 --- [           main] .i.s.PathMatchingResourcePatternResolver : Searching directory [C:\Users\m.essid\Desktop\Camp\camp\target\classes\com\camping\camp\dto] for files matching pattern [C:/Users/m.essid/Desktop/Camp/camp/target/classes/com/camping/camp/**/*.class]
2023-07-21 02:45:40.419 TRACE 29880 --- [           main] .i.s.PathMatchingResourcePatternResolver : Searching directory [C:\Users\m.essid\Desktop\Camp\camp\target\classes\com\camping\camp\entities] for files matching pattern [C:/Users/m.essid/Desktop/Camp/camp/target/classes/com/camping/camp/**/*.class]
2023-07-21 02:45:40.421 TRACE 29880 --- [           main] .i.s.PathMatchingResourcePatternResolver : Searching directory [C:\Users\m.essid\Desktop\Camp\camp\target\classes\com\camping\camp\repositories] for files matching pattern [C:/Users/m.essid/Desktop/Camp/camp/target/classes/com/camping/camp/**/*.class]
2023-07-21 02:45:40.421 TRACE 29880 --- [           main] .i.s.PathMatchingResourcePatternResolver : Searching directory [C:\Users\m.essid\Desktop\Camp\camp\target\classes\com\camping\camp\services] for files matching pattern [C:/Users/m.essid/Desktop/Camp/camp/target/classes/com/camping/camp/**/*.class]
2023-07-21 02:45:40.422 TRACE 29880 --- [           main] .i.s.PathMatchingResourcePatternResolver : Searching directory [C:\Users\m.essid\Desktop\Camp\camp\target\classes\com\camping\camp\services\Impl] for files matching pattern [C:/Users/m.essid/Desktop/Camp/camp/target/classes/com/camping/camp/**/*.class]
2023-07-21 02:45:40.425 TRACE 29880 --- [           main] .i.s.PathMatchingResourcePatternResolver : Resolved location pattern [classpath*:com/camping/camp/**/*.class] to resources [file [C:\Users\m.essid\Desktop\Camp\camp\target\test-classes\com\camping\camp\CampApplicationTests.class], file [C:\Users\m.essid\Desktop\Camp\camp\target\classes\com\camping\camp\CampApplication.class], file [C:\Users\m.essid\Desktop\Camp\camp\target\classes\com\camping\camp\Configuration\AppProperties$Auth.class], file [C:\Users\m.essid\Desktop\Camp\camp\target\classes\com\camping\camp\Configuration\AppProperties$OAuth2.class], file [C:\Users\m.essid\Desktop\Camp\camp\target\classes\com\camping\camp\Configuration\AppProperties.class], file [C:\Users\m.essid\Desktop\Camp\camp\target\classes\com\camping\camp\Configuration\CurrentUser.class], file [C:\Users\m.essid\Desktop\Camp\camp\target\classes\com\camping\camp\Configuration\RestAuthenticationEntryPoint.class], file [C:\Users\m.essid\Desktop\Camp\camp\target\classes\com\camping\camp\Configuration\SetupDataLoader.class], file [C:\Users\m.essid\Desktop\Camp\camp\target\classes\com\camping\camp\Configuration\WebConfig.class], file [C:\Users\m.essid\Desktop\Camp\camp\target\classes\com\camping\camp\Configuration\WebSecurityConfig.class], file [C:\Users\m.essid\Desktop\Camp\camp\target\classes\com\camping\camp\Controllers\AuthController.class], file [C:\Users\m.essid\Desktop\Camp\camp\target\classes\com\camping\camp\Controllers\CommentaireController.class], file [C:\Users\m.essid\Desktop\Camp\camp\target\classes\com\camping\camp\Controllers\PublicationController.class], file [C:\Users\m.essid\Desktop\Camp\camp\target\classes\com\camping\camp\Controllers\UserController.class], file [C:\Users\m.essid\Desktop\Camp\camp\target\classes\com\camping\camp\Exception\BadRequestException.class], file [C:\Users\m.essid\Desktop\Camp\camp\target\classes\com\camping\camp\Exception\OAuth2AuthenticationProcessingException.class], file [C:\Users\m.essid\Desktop\Camp\camp\target\classes\com\camping\camp\Exception\ResourceNotFoundException.class], file [C:\Users\m.essid\Desktop\Camp\camp\target\classes\com\camping\camp\Exception\UserAlreadyExistAuthenticationException.class], file [C:\Users\m.essid\Desktop\Camp\camp\target\classes\com\camping\camp\Exception\handler\RestResponseEntityExceptionHandler.class], file [C:\Users\m.essid\Desktop\Camp\camp\target\classes\com\camping\camp\Security\Jwt\TokenAuthenticationFilter.class], file [C:\Users\m.essid\Desktop\Camp\camp\target\classes\com\camping\camp\Security\Jwt\TokenProvider.class], file [C:\Users\m.essid\Desktop\Camp\camp\target\classes\com\camping\camp\Security\oauth2\CustomOAuth2UserService.class], file [C:\Users\m.essid\Desktop\Camp\camp\target\classes\com\camping\camp\Security\oauth2\CustomOidcUserService.class], file [C:\Users\m.essid\Desktop\Camp\camp\target\classes\com\camping\camp\Security\oauth2\FacebookOAuth2UserInfo.class], file [C:\Users\m.essid\Desktop\Camp\camp\target\classes\com\camping\camp\Security\oauth2\GithubOAuth2UserInfo.class], file [C:\Users\m.essid\Desktop\Camp\camp\target\classes\com\camping\camp\Security\oauth2\GoogleOAuth2UserInfo.class], file [C:\Users\m.essid\Desktop\Camp\camp\target\classes\com\camping\camp\Security\oauth2\HttpCookieOAuth2AuthorizationRequestRepository.class], file [C:\Users\m.essid\Desktop\Camp\camp\target\classes\com\camping\camp\Security\oauth2\LinkedinOAuth2UserInfo.class], file [C:\Users\m.essid\Desktop\Camp\camp\target\classes\com\camping\camp\Security\oauth2\OAuth2AccessTokenResponseConverterWithDefaults.class], file [C:\Users\m.essid\Desktop\Camp\camp\target\classes\com\camping\camp\Security\oauth2\OAuth2AuthenticationFailureHandler.class], file [C:\Users\m.essid\Desktop\Camp\camp\target\classes\com\camping\camp\Security\oauth2\OAuth2AuthenticationSuccessHandler.class], file [C:\Users\m.essid\Desktop\Camp\camp\target\classes\com\camping\camp\Security\oauth2\OAuth2UserInfo.class], file [C:\Users\m.essid\Desktop\Camp\camp\target\classes\com\camping\camp\Security\oauth2\OAuth2UserInfoFactory.class], file [C:\Users\m.essid\Desktop\Camp\camp\target\classes\com\camping\camp\Util\CookieUtils.class], file [C:\Users\m.essid\Desktop\Camp\camp\target\classes\com\camping\camp\Util\GeneralUtils.class], file [C:\Users\m.essid\Desktop\Camp\camp\target\classes\com\camping\camp\Validator\PasswordMatches.class], file [C:\Users\m.essid\Desktop\Camp\camp\target\classes\com\camping\camp\Validator\PasswordMatchesValidator.class], file [C:\Users\m.essid\Desktop\Camp\camp\target\classes\com\camping\camp\dto\ApiResponse.class], file [C:\Users\m.essid\Desktop\Camp\camp\target\classes\com\camping\camp\dto\CommentaireDto.class], file [C:\Users\m.essid\Desktop\Camp\camp\target\classes\com\camping\camp\dto\JwtAuthenticationResponse.class], file [C:\Users\m.essid\Desktop\Camp\camp\target\classes\com\camping\camp\dto\LocalUser.class], file [C:\Users\m.essid\Desktop\Camp\camp\target\classes\com\camping\camp\dto\LoginRequest.class], file [C:\Users\m.essid\Desktop\Camp\camp\target\classes\com\camping\camp\dto\PublicationDto.class], file [C:\Users\m.essid\Desktop\Camp\camp\target\classes\com\camping\camp\dto\SignUpRequest$Builder.class], file [C:\Users\m.essid\Desktop\Camp\camp\target\classes\com\camping\camp\dto\SignUpRequest.class], file [C:\Users\m.essid\Desktop\Camp\camp\target\classes\com\camping\camp\dto\SocialProvider.class], file [C:\Users\m.essid\Desktop\Camp\camp\target\classes\com\camping\camp\dto\TitleDto.class], file [C:\Users\m.essid\Desktop\Camp\camp\target\classes\com\camping\camp\dto\UserInfo.class], file [C:\Users\m.essid\Desktop\Camp\camp\target\classes\com\camping\camp\entities\Commentaire.class], file [C:\Users\m.essid\Desktop\Camp\camp\target\classes\com\camping\camp\entities\Publication.class], file [C:\Users\m.essid\Desktop\Camp\camp\target\classes\com\camping\camp\entities\Role.class], file [C:\Users\m.essid\Desktop\Camp\camp\target\classes\com\camping\camp\entities\User.class], file [C:\Users\m.essid\Desktop\Camp\camp\target\classes\com\camping\camp\entities\campCenter.class], file [C:\Users\m.essid\Desktop\Camp\camp\target\classes\com\camping\camp\entities\category.class], file [C:\Users\m.essid\Desktop\Camp\camp\target\classes\com\camping\camp\entities\complaint.class], file [C:\Users\m.essid\Desktop\Camp\camp\target\classes\com\camping\camp\entities\products.class], file [C:\Users\m.essid\Desktop\Camp\camp\target\classes\com\camping\camp\repositories\CommentaireRepository.class], file [C:\Users\m.essid\Desktop\Camp\camp\target\classes\com\camping\camp\repositories\PublicationRepository.class], file [C:\Users\m.essid\Desktop\Camp\camp\target\classes\com\camping\camp\repositories\RoleRepository.class], file [C:\Users\m.essid\Desktop\Camp\camp\target\classes\com\camping\camp\repositories\UserRepository.class], file [C:\Users\m.essid\Desktop\Camp\camp\target\classes\com\camping\camp\services\Impl\CommentaireServiceImp.class], file [C:\Users\m.essid\Desktop\Camp\camp\target\classes\com\camping\camp\services\Impl\LocalUserDetailService.class], file [C:\Users\m.essid\Desktop\Camp\camp\target\classes\com\camping\camp\services\Impl\PublicationServiceImp.class], file [C:\Users\m.essid\Desktop\Camp\camp\target\classes\com\camping\camp\services\Impl\UserServiceImpl.class], file [C:\Users\m.essid\Desktop\Camp\camp\target\classes\com\camping\camp\services\UserService.class]]
2023-07-21 02:45:40.425 TRACE 29880 --- [           main] o.s.c.a.ClassPathBeanDefinitionScanner   : Scanning file [C:\Users\m.essid\Desktop\Camp\camp\target\test-classes\com\camping\camp\CampApplicationTests.class]
2023-07-21 02:45:40.428 TRACE 29880 --- [           main] o.s.b.f.s.DefaultListableBeanFactory     : Returning cached instance of singleton bean 'org.springframework.boot.test.context.filter.TestTypeExcludeFilter'
2023-07-21 02:45:40.429 TRACE 29880 --- [           main] o.s.c.a.ClassPathBeanDefinitionScanner   : Ignored because not matching any filter: file [C:\Users\m.essid\Desktop\Camp\camp\target\test-classes\com\camping\camp\CampApplicationTests.class]
2023-07-21 02:45:40.429 TRACE 29880 --- [           main] o.s.c.a.ClassPathBeanDefinitionScanner   : Scanning file [C:\Users\m.essid\Desktop\Camp\camp\target\classes\com\camping\camp\CampApplication.class]
2023-07-21 02:45:40.431 TRACE 29880 --- [           main] o.s.c.a.ClassPathBeanDefinitionScanner   : Ignored because not matching any filter: file [C:\Users\m.essid\Desktop\Camp\camp\target\classes\com\camping\camp\CampApplication.class]
2023-07-21 02:45:40.432 TRACE 29880 --- [           main] o.s.c.a.ClassPathBeanDefinitionScanner   : Scanning file [C:\Users\m.essid\Desktop\Camp\camp\target\classes\com\camping\camp\Configuration\AppProperties$Auth.class]
2023-07-21 02:45:40.437 TRACE 29880 --- [           main] o.s.c.a.ClassPathBeanDefinitionScanner   : Ignored because not matching any filter: file [C:\Users\m.essid\Desktop\Camp\camp\target\classes\com\camping\camp\Configuration\AppProperties$Auth.class]
2023-07-21 02:45:40.437 TRACE 29880 --- [           main] o.s.c.a.ClassPathBeanDefinitionScanner   : Scanning file [C:\Users\m.essid\Desktop\Camp\camp\target\classes\com\camping\camp\Configuration\AppProperties$OAuth2.class]
2023-07-21 02:45:40.438 TRACE 29880 --- [           main] o.s.c.a.ClassPathBeanDefinitionScanner   : Ignored because not matching any filter: file [C:\Users\m.essid\Desktop\Camp\camp\target\classes\com\camping\camp\Configuration\AppProperties$OAuth2.class]
2023-07-21 02:45:40.439 TRACE 29880 --- [           main] o.s.c.a.ClassPathBeanDefinitionScanner   : Scanning file [C:\Users\m.essid\Desktop\Camp\camp\target\classes\com\camping\camp\Configuration\AppProperties.class]
2023-07-21 02:45:40.439 DEBUG 29880 --- [           main] o.s.c.a.ClassPathBeanDefinitionScanner   : Identified candidate component class: file [C:\Users\m.essid\Desktop\Camp\camp\target\classes\com\camping\camp\Configuration\AppProperties.class]
2023-07-21 02:45:40.440 TRACE 29880 --- [           main] o.s.c.a.ClassPathBeanDefinitionScanner   : Scanning file [C:\Users\m.essid\Desktop\Camp\camp\target\classes\com\camping\camp\Configuration\CurrentUser.class]
2023-07-21 02:45:40.442 TRACE 29880 --- [           main] o.s.c.a.ClassPathBeanDefinitionScanner   : Ignored because not matching any filter: file [C:\Users\m.essid\Desktop\Camp\camp\target\classes\com\camping\camp\Configuration\CurrentUser.class]
2023-07-21 02:45:40.442 TRACE 29880 --- [           main] o.s.c.a.ClassPathBeanDefinitionScanner   : Scanning file [C:\Users\m.essid\Desktop\Camp\camp\target\classes\com\camping\camp\Configuration\RestAuthenticationEntryPoint.class]
2023-07-21 02:45:40.443 TRACE 29880 --- [           main] o.s.c.a.ClassPathBeanDefinitionScanner   : Ignored because not matching any filter: file [C:\Users\m.essid\Desktop\Camp\camp\target\classes\com\camping\camp\Configuration\RestAuthenticationEntryPoint.class]
2023-07-21 02:45:40.443 TRACE 29880 --- [           main] o.s.c.a.ClassPathBeanDefinitionScanner   : Scanning file [C:\Users\m.essid\Desktop\Camp\camp\target\classes\com\camping\camp\Configuration\SetupDataLoader.class]
2023-07-21 02:45:40.447 DEBUG 29880 --- [           main] o.s.c.a.ClassPathBeanDefinitionScanner   : Identified candidate component class: file [C:\Users\m.essid\Desktop\Camp\camp\target\classes\com\camping\camp\Configuration\SetupDataLoader.class]
2023-07-21 02:45:40.447 TRACE 29880 --- [           main] o.s.c.a.ClassPathBeanDefinitionScanner   : Scanning file [C:\Users\m.essid\Desktop\Camp\camp\target\classes\com\camping\camp\Configuration\WebConfig.class]
2023-07-21 02:45:40.454 DEBUG 29880 --- [           main] o.s.c.a.ClassPathBeanDefinitionScanner   : Identified candidate component class: file [C:\Users\m.essid\Desktop\Camp\camp\target\classes\com\camping\camp\Configuration\WebConfig.class]
2023-07-21 02:45:40.454 TRACE 29880 --- [           main] o.s.c.a.ClassPathBeanDefinitionScanner   : Scanning file [C:\Users\m.essid\Desktop\Camp\camp\target\classes\com\camping\camp\Configuration\WebSecurityConfig.class]
2023-07-21 02:45:40.465 DEBUG 29880 --- [           main] o.s.c.a.ClassPathBeanDefinitionScanner   : Identified candidate component class: file [C:\Users\m.essid\Desktop\Camp\camp\target\classes\com\camping\camp\Configuration\WebSecurityConfig.class]
2023-07-21 02:45:40.465 TRACE 29880 --- [           main] o.s.c.a.ClassPathBeanDefinitionScanner   : Scanning file [C:\Users\m.essid\Desktop\Camp\camp\target\classes\com\camping\camp\Controllers\AuthController.class]
2023-07-21 02:45:40.478 DEBUG 29880 --- [           main] o.s.c.a.ClassPathBeanDefinitionScanner   : Identified candidate component class: file [C:\Users\m.essid\Desktop\Camp\camp\target\classes\com\camping\camp\Controllers\AuthController.class]
2023-07-21 02:45:40.478 TRACE 29880 --- [           main] o.s.c.a.ClassPathBeanDefinitionScanner   : Scanning file [C:\Users\m.essid\Desktop\Camp\camp\target\classes\com\camping\camp\Controllers\CommentaireController.class]
2023-07-21 02:45:40.484 DEBUG 29880 --- [           main] o.s.c.a.ClassPathBeanDefinitionScanner   : Identified candidate component class: file [C:\Users\m.essid\Desktop\Camp\camp\target\classes\com\camping\camp\Controllers\CommentaireController.class]
2023-07-21 02:45:40.484 TRACE 29880 --- [           main] o.s.c.a.ClassPathBeanDefinitionScanner   : Scanning file [C:\Users\m.essid\Desktop\Camp\camp\target\classes\com\camping\camp\Controllers\PublicationController.class]
2023-07-21 02:45:40.486 DEBUG 29880 --- [           main] o.s.c.a.ClassPathBeanDefinitionScanner   : Identified candidate component class: file [C:\Users\m.essid\Desktop\Camp\camp\target\classes\com\camping\camp\Controllers\PublicationController.class]
2023-07-21 02:45:40.486 TRACE 29880 --- [           main] o.s.c.a.ClassPathBeanDefinitionScanner   : Scanning file [C:\Users\m.essid\Desktop\Camp\camp\target\classes\com\camping\camp\Controllers\UserController.class]
2023-07-21 02:45:40.490 DEBUG 29880 --- [           main] o.s.c.a.ClassPathBeanDefinitionScanner   : Identified candidate component class: file [C:\Users\m.essid\Desktop\Camp\camp\target\classes\com\camping\camp\Controllers\UserController.class]
2023-07-21 02:45:40.491 TRACE 29880 --- [           main] o.s.c.a.ClassPathBeanDefinitionScanner   : Scanning file [C:\Users\m.essid\Desktop\Camp\camp\target\classes\com\camping\camp\Exception\BadRequestException.class]
2023-07-21 02:45:40.496 TRACE 29880 --- [           main] o.s.c.a.ClassPathBeanDefinitionScanner   : Ignored because not matching any filter: file [C:\Users\m.essid\Desktop\Camp\camp\target\classes\com\camping\camp\Exception\BadRequestException.class]
2023-07-21 02:45:40.496 TRACE 29880 --- [           main] o.s.c.a.ClassPathBeanDefinitionScanner   : Scanning file [C:\Users\m.essid\Desktop\Camp\camp\target\classes\com\camping\camp\Exception\OAuth2AuthenticationProcessingException.class]
2023-07-21 02:45:40.497 TRACE 29880 --- [           main] o.s.c.a.ClassPathBeanDefinitionScanner   : Ignored because not matching any filter: file [C:\Users\m.essid\Desktop\Camp\camp\target\classes\com\camping\camp\Exception\OAuth2AuthenticationProcessingException.class]
2023-07-21 02:45:40.497 TRACE 29880 --- [           main] o.s.c.a.ClassPathBeanDefinitionScanner   : Scanning file [C:\Users\m.essid\Desktop\Camp\camp\target\classes\com\camping\camp\Exception\ResourceNotFoundException.class]
2023-07-21 02:45:40.498 TRACE 29880 --- [           main] o.s.c.a.ClassPathBeanDefinitionScanner   : Ignored because not matching any filter: file [C:\Users\m.essid\Desktop\Camp\camp\target\classes\com\camping\camp\Exception\ResourceNotFoundException.class]
2023-07-21 02:45:40.498 TRACE 29880 --- [           main] o.s.c.a.ClassPathBeanDefinitionScanner   : Scanning file [C:\Users\m.essid\Desktop\Camp\camp\target\classes\com\camping\camp\Exception\UserAlreadyExistAuthenticationException.class]
2023-07-21 02:45:40.500 TRACE 29880 --- [           main] o.s.c.a.ClassPathBeanDefinitionScanner   : Ignored because not matching any filter: file [C:\Users\m.essid\Desktop\Camp\camp\target\classes\com\camping\camp\Exception\UserAlreadyExistAuthenticationException.class]
2023-07-21 02:45:40.500 TRACE 29880 --- [           main] o.s.c.a.ClassPathBeanDefinitionScanner   : Scanning file [C:\Users\m.essid\Desktop\Camp\camp\target\classes\com\camping\camp\Exception\handler\RestResponseEntityExceptionHandler.class]
2023-07-21 02:45:40.503 DEBUG 29880 --- [           main] o.s.c.a.ClassPathBeanDefinitionScanner   : Identified candidate component class: file [C:\Users\m.essid\Desktop\Camp\camp\target\classes\com\camping\camp\Exception\handler\RestResponseEntityExceptionHandler.class]
2023-07-21 02:45:40.503 TRACE 29880 --- [           main] o.s.c.a.ClassPathBeanDefinitionScanner   : Scanning file [C:\Users\m.essid\Desktop\Camp\camp\target\classes\com\camping\camp\Security\Jwt\TokenAuthenticationFilter.class]
2023-07-21 02:45:40.504 TRACE 29880 --- [           main] o.s.c.a.ClassPathBeanDefinitionScanner   : Ignored because not matching any filter: file [C:\Users\m.essid\Desktop\Camp\camp\target\classes\com\camping\camp\Security\Jwt\TokenAuthenticationFilter.class]
2023-07-21 02:45:40.504 TRACE 29880 --- [           main] o.s.c.a.ClassPathBeanDefinitionScanner   : Scanning file [C:\Users\m.essid\Desktop\Camp\camp\target\classes\com\camping\camp\Security\Jwt\TokenProvider.class]
2023-07-21 02:45:40.505 DEBUG 29880 --- [           main] o.s.c.a.ClassPathBeanDefinitionScanner   : Identified candidate component class: file [C:\Users\m.essid\Desktop\Camp\camp\target\classes\com\camping\camp\Security\Jwt\TokenProvider.class]
2023-07-21 02:45:40.506 TRACE 29880 --- [           main] o.s.c.a.ClassPathBeanDefinitionScanner   : Scanning file [C:\Users\m.essid\Desktop\Camp\camp\target\classes\com\camping\camp\Security\oauth2\CustomOAuth2UserService.class]
2023-07-21 02:45:40.506 DEBUG 29880 --- [           main] o.s.c.a.ClassPathBeanDefinitionScanner   : Identified candidate component class: file [C:\Users\m.essid\Desktop\Camp\camp\target\classes\com\camping\camp\Security\oauth2\CustomOAuth2UserService.class]
2023-07-21 02:45:40.507 TRACE 29880 --- [           main] o.s.c.a.ClassPathBeanDefinitionScanner   : Scanning file [C:\Users\m.essid\Desktop\Camp\camp\target\classes\com\camping\camp\Security\oauth2\CustomOidcUserService.class]
2023-07-21 02:45:40.508 DEBUG 29880 --- [           main] o.s.c.a.ClassPathBeanDefinitionScanner   : Identified candidate component class: file [C:\Users\m.essid\Desktop\Camp\camp\target\classes\com\camping\camp\Security\oauth2\CustomOidcUserService.class]
2023-07-21 02:45:40.508 TRACE 29880 --- [           main] o.s.c.a.ClassPathBeanDefinitionScanner   : Scanning file [C:\Users\m.essid\Desktop\Camp\camp\target\classes\com\camping\camp\Security\oauth2\FacebookOAuth2UserInfo.class]
2023-07-21 02:45:40.509 TRACE 29880 --- [           main] o.s.c.a.ClassPathBeanDefinitionScanner   : Ignored because not matching any filter: file [C:\Users\m.essid\Desktop\Camp\camp\target\classes\com\camping\camp\Security\oauth2\FacebookOAuth2UserInfo.class]
2023-07-21 02:45:40.509 TRACE 29880 --- [           main] o.s.c.a.ClassPathBeanDefinitionScanner   : Scanning file [C:\Users\m.essid\Desktop\Camp\camp\target\classes\com\camping\camp\Security\oauth2\GithubOAuth2UserInfo.class]
2023-07-21 02:45:40.510 TRACE 29880 --- [           main] o.s.c.a.ClassPathBeanDefinitionScanner   : Ignored because not matching any filter: file [C:\Users\m.essid\Desktop\Camp\camp\target\classes\com\camping\camp\Security\oauth2\GithubOAuth2UserInfo.class]
2023-07-21 02:45:40.510 TRACE 29880 --- [           main] o.s.c.a.ClassPathBeanDefinitionScanner   : Scanning file [C:\Users\m.essid\Desktop\Camp\camp\target\classes\com\camping\camp\Security\oauth2\GoogleOAuth2UserInfo.class]
2023-07-21 02:45:40.511 TRACE 29880 --- [           main] o.s.c.a.ClassPathBeanDefinitionScanner   : Ignored because not matching any filter: file [C:\Users\m.essid\Desktop\Camp\camp\target\classes\com\camping\camp\Security\oauth2\GoogleOAuth2UserInfo.class]
2023-07-21 02:45:40.511 TRACE 29880 --- [           main] o.s.c.a.ClassPathBeanDefinitionScanner   : Scanning file [C:\Users\m.essid\Desktop\Camp\camp\target\classes\com\camping\camp\Security\oauth2\HttpCookieOAuth2AuthorizationRequestRepository.class]
2023-07-21 02:45:40.512 DEBUG 29880 --- [           main] o.s.c.a.ClassPathBeanDefinitionScanner   : Identified candidate component class: file [C:\Users\m.essid\Desktop\Camp\camp\target\classes\com\camping\camp\Security\oauth2\HttpCookieOAuth2AuthorizationRequestRepository.class]
2023-07-21 02:45:40.512 TRACE 29880 --- [           main] o.s.c.a.ClassPathBeanDefinitionScanner   : Scanning file [C:\Users\m.essid\Desktop\Camp\camp\target\classes\com\camping\camp\Security\oauth2\LinkedinOAuth2UserInfo.class]
2023-07-21 02:45:40.513 TRACE 29880 --- [           main] o.s.c.a.ClassPathBeanDefinitionScanner   : Ignored because not matching any filter: file [C:\Users\m.essid\Desktop\Camp\camp\target\classes\com\camping\camp\Security\oauth2\LinkedinOAuth2UserInfo.class]
2023-07-21 02:45:40.514 TRACE 29880 --- [           main] o.s.c.a.ClassPathBeanDefinitionScanner   : Scanning file [C:\Users\m.essid\Desktop\Camp\camp\target\classes\com\camping\camp\Security\oauth2\OAuth2AccessTokenResponseConverterWithDefaults.class]
2023-07-21 02:45:40.515 TRACE 29880 --- [           main] o.s.c.a.ClassPathBeanDefinitionScanner   : Ignored because not matching any filter: file [C:\Users\m.essid\Desktop\Camp\camp\target\classes\com\camping\camp\Security\oauth2\OAuth2AccessTokenResponseConverterWithDefaults.class]
2023-07-21 02:45:40.515 TRACE 29880 --- [           main] o.s.c.a.ClassPathBeanDefinitionScanner   : Scanning file [C:\Users\m.essid\Desktop\Camp\camp\target\classes\com\camping\camp\Security\oauth2\OAuth2AuthenticationFailureHandler.class]
2023-07-21 02:45:40.516 DEBUG 29880 --- [           main] o.s.c.a.ClassPathBeanDefinitionScanner   : Identified candidate component class: file [C:\Users\m.essid\Desktop\Camp\camp\target\classes\com\camping\camp\Security\oauth2\OAuth2AuthenticationFailureHandler.class]
2023-07-21 02:45:40.516 TRACE 29880 --- [           main] o.s.c.a.ClassPathBeanDefinitionScanner   : Scanning file [C:\Users\m.essid\Desktop\Camp\camp\target\classes\com\camping\camp\Security\oauth2\OAuth2AuthenticationSuccessHandler.class]
2023-07-21 02:45:40.517 DEBUG 29880 --- [           main] o.s.c.a.ClassPathBeanDefinitionScanner   : Identified candidate component class: file [C:\Users\m.essid\Desktop\Camp\camp\target\classes\com\camping\camp\Security\oauth2\OAuth2AuthenticationSuccessHandler.class]
2023-07-21 02:45:40.518 TRACE 29880 --- [           main] o.s.c.a.ClassPathBeanDefinitionScanner   : Scanning file [C:\Users\m.essid\Desktop\Camp\camp\target\classes\com\camping\camp\Security\oauth2\OAuth2UserInfo.class]
2023-07-21 02:45:40.519 TRACE 29880 --- [           main] o.s.c.a.ClassPathBeanDefinitionScanner   : Ignored because not matching any filter: file [C:\Users\m.essid\Desktop\Camp\camp\target\classes\com\camping\camp\Security\oauth2\OAuth2UserInfo.class]
2023-07-21 02:45:40.519 TRACE 29880 --- [           main] o.s.c.a.ClassPathBeanDefinitionScanner   : Scanning file [C:\Users\m.essid\Desktop\Camp\camp\target\classes\com\camping\camp\Security\oauth2\OAuth2UserInfoFactory.class]
2023-07-21 02:45:40.520 TRACE 29880 --- [           main] o.s.c.a.ClassPathBeanDefinitionScanner   : Ignored because not matching any filter: file [C:\Users\m.essid\Desktop\Camp\camp\target\classes\com\camping\camp\Security\oauth2\OAuth2UserInfoFactory.class]
2023-07-21 02:45:40.520 TRACE 29880 --- [           main] o.s.c.a.ClassPathBeanDefinitionScanner   : Scanning file [C:\Users\m.essid\Desktop\Camp\camp\target\classes\com\camping\camp\Util\CookieUtils.class]
2023-07-21 02:45:40.521 TRACE 29880 --- [           main] o.s.c.a.ClassPathBeanDefinitionScanner   : Ignored because not matching any filter: file [C:\Users\m.essid\Desktop\Camp\camp\target\classes\com\camping\camp\Util\CookieUtils.class]
2023-07-21 02:45:40.521 TRACE 29880 --- [           main] o.s.c.a.ClassPathBeanDefinitionScanner   : Scanning file [C:\Users\m.essid\Desktop\Camp\camp\target\classes\com\camping\camp\Util\GeneralUtils.class]
2023-07-21 02:45:40.522 TRACE 29880 --- [           main] o.s.c.a.ClassPathBeanDefinitionScanner   : Ignored because not matching any filter: file [C:\Users\m.essid\Desktop\Camp\camp\target\classes\com\camping\camp\Util\GeneralUtils.class]
2023-07-21 02:45:40.522 TRACE 29880 --- [           main] o.s.c.a.ClassPathBeanDefinitionScanner   : Scanning file [C:\Users\m.essid\Desktop\Camp\camp\target\classes\com\camping\camp\Validator\PasswordMatches.class]
2023-07-21 02:45:40.524 TRACE 29880 --- [           main] o.s.c.a.ClassPathBeanDefinitionScanner   : Ignored because not matching any filter: file [C:\Users\m.essid\Desktop\Camp\camp\target\classes\com\camping\camp\Validator\PasswordMatches.class]
2023-07-21 02:45:40.524 TRACE 29880 --- [           main] o.s.c.a.ClassPathBeanDefinitionScanner   : Scanning file [C:\Users\m.essid\Desktop\Camp\camp\target\classes\com\camping\camp\Validator\PasswordMatchesValidator.class]
2023-07-21 02:45:40.531 TRACE 29880 --- [           main] o.s.c.a.ClassPathBeanDefinitionScanner   : Ignored because not matching any filter: file [C:\Users\m.essid\Desktop\Camp\camp\target\classes\com\camping\camp\Validator\PasswordMatchesValidator.class]
2023-07-21 02:45:40.532 TRACE 29880 --- [           main] o.s.c.a.ClassPathBeanDefinitionScanner   : Scanning file [C:\Users\m.essid\Desktop\Camp\camp\target\classes\com\camping\camp\dto\ApiResponse.class]
2023-07-21 02:45:40.533 TRACE 29880 --- [           main] o.s.c.a.ClassPathBeanDefinitionScanner   : Ignored because not matching any filter: file [C:\Users\m.essid\Desktop\Camp\camp\target\classes\com\camping\camp\dto\ApiResponse.class]
2023-07-21 02:45:40.533 TRACE 29880 --- [           main] o.s.c.a.ClassPathBeanDefinitionScanner   : Scanning file [C:\Users\m.essid\Desktop\Camp\camp\target\classes\com\camping\camp\dto\CommentaireDto.class]
2023-07-21 02:45:40.534 TRACE 29880 --- [           main] o.s.c.a.ClassPathBeanDefinitionScanner   : Ignored because not matching any filter: file [C:\Users\m.essid\Desktop\Camp\camp\target\classes\com\camping\camp\dto\CommentaireDto.class]
2023-07-21 02:45:40.534 TRACE 29880 --- [           main] o.s.c.a.ClassPathBeanDefinitionScanner   : Scanning file [C:\Users\m.essid\Desktop\Camp\camp\target\classes\com\camping\camp\dto\JwtAuthenticationResponse.class]
2023-07-21 02:45:40.536 TRACE 29880 --- [           main] o.s.c.a.ClassPathBeanDefinitionScanner   : Ignored because not matching any filter: file [C:\Users\m.essid\Desktop\Camp\camp\target\classes\com\camping\camp\dto\JwtAuthenticationResponse.class]
2023-07-21 02:45:40.536 TRACE 29880 --- [           main] o.s.c.a.ClassPathBeanDefinitionScanner   : Scanning file [C:\Users\m.essid\Desktop\Camp\camp\target\classes\com\camping\camp\dto\LocalUser.class]
2023-07-21 02:45:40.537 TRACE 29880 --- [           main] o.s.c.a.ClassPathBeanDefinitionScanner   : Ignored because not matching any filter: file [C:\Users\m.essid\Desktop\Camp\camp\target\classes\com\camping\camp\dto\LocalUser.class]
2023-07-21 02:45:40.537 TRACE 29880 --- [           main] o.s.c.a.ClassPathBeanDefinitionScanner   : Scanning file [C:\Users\m.essid\Desktop\Camp\camp\target\classes\com\camping\camp\dto\LoginRequest.class]
2023-07-21 02:45:40.538 TRACE 29880 --- [           main] o.s.c.a.ClassPathBeanDefinitionScanner   : Ignored because not matching any filter: file [C:\Users\m.essid\Desktop\Camp\camp\target\classes\com\camping\camp\dto\LoginRequest.class]
2023-07-21 02:45:40.538 TRACE 29880 --- [           main] o.s.c.a.ClassPathBeanDefinitionScanner   : Scanning file [C:\Users\m.essid\Desktop\Camp\camp\target\classes\com\camping\camp\dto\PublicationDto.class]
2023-07-21 02:45:40.539 TRACE 29880 --- [           main] o.s.c.a.ClassPathBeanDefinitionScanner   : Ignored because not matching any filter: file [C:\Users\m.essid\Desktop\Camp\camp\target\classes\com\camping\camp\dto\PublicationDto.class]
2023-07-21 02:45:40.540 TRACE 29880 --- [           main] o.s.c.a.ClassPathBeanDefinitionScanner   : Scanning file [C:\Users\m.essid\Desktop\Camp\camp\target\classes\com\camping\camp\dto\SignUpRequest$Builder.class]
2023-07-21 02:45:40.546 TRACE 29880 --- [           main] o.s.c.a.ClassPathBeanDefinitionScanner   : Ignored because not matching any filter: file [C:\Users\m.essid\Desktop\Camp\camp\target\classes\com\camping\camp\dto\SignUpRequest$Builder.class]
2023-07-21 02:45:40.546 TRACE 29880 --- [           main] o.s.c.a.ClassPathBeanDefinitionScanner   : Scanning file [C:\Users\m.essid\Desktop\Camp\camp\target\classes\com\camping\camp\dto\SignUpRequest.class]
2023-07-21 02:45:40.547 TRACE 29880 --- [           main] o.s.c.a.ClassPathBeanDefinitionScanner   : Ignored because not matching any filter: file [C:\Users\m.essid\Desktop\Camp\camp\target\classes\com\camping\camp\dto\SignUpRequest.class]
2023-07-21 02:45:40.548 TRACE 29880 --- [           main] o.s.c.a.ClassPathBeanDefinitionScanner   : Scanning file [C:\Users\m.essid\Desktop\Camp\camp\target\classes\com\camping\camp\dto\SocialProvider.class]
2023-07-21 02:45:40.549 TRACE 29880 --- [           main] o.s.c.a.ClassPathBeanDefinitionScanner   : Ignored because not matching any filter: file [C:\Users\m.essid\Desktop\Camp\camp\target\classes\com\camping\camp\dto\SocialProvider.class]
2023-07-21 02:45:40.549 TRACE 29880 --- [           main] o.s.c.a.ClassPathBeanDefinitionScanner   : Scanning file [C:\Users\m.essid\Desktop\Camp\camp\target\classes\com\camping\camp\dto\TitleDto.class]
2023-07-21 02:45:40.550 TRACE 29880 --- [           main] o.s.c.a.ClassPathBeanDefinitionScanner   : Ignored because not matching any filter: file [C:\Users\m.essid\Desktop\Camp\camp\target\classes\com\camping\camp\dto\TitleDto.class]
2023-07-21 02:45:40.551 TRACE 29880 --- [           main] o.s.c.a.ClassPathBeanDefinitionScanner   : Scanning file [C:\Users\m.essid\Desktop\Camp\camp\target\classes\com\camping\camp\dto\UserInfo.class]
2023-07-21 02:45:40.552 TRACE 29880 --- [           main] o.s.c.a.ClassPathBeanDefinitionScanner   : Ignored because not matching any filter: file [C:\Users\m.essid\Desktop\Camp\camp\target\classes\com\camping\camp\dto\UserInfo.class]
2023-07-21 02:45:40.552 TRACE 29880 --- [           main] o.s.c.a.ClassPathBeanDefinitionScanner   : Scanning file [C:\Users\m.essid\Desktop\Camp\camp\target\classes\com\camping\camp\entities\Commentaire.class]
2023-07-21 02:45:40.557 TRACE 29880 --- [           main] o.s.c.a.ClassPathBeanDefinitionScanner   : Ignored because not matching any filter: file [C:\Users\m.essid\Desktop\Camp\camp\target\classes\com\camping\camp\entities\Commentaire.class]
2023-07-21 02:45:40.557 TRACE 29880 --- [           main] o.s.c.a.ClassPathBeanDefinitionScanner   : Scanning file [C:\Users\m.essid\Desktop\Camp\camp\target\classes\com\camping\camp\entities\Publication.class]
2023-07-21 02:45:40.558 TRACE 29880 --- [           main] o.s.c.a.ClassPathBeanDefinitionScanner   : Ignored because not matching any filter: file [C:\Users\m.essid\Desktop\Camp\camp\target\classes\com\camping\camp\entities\Publication.class]
2023-07-21 02:45:40.558 TRACE 29880 --- [           main] o.s.c.a.ClassPathBeanDefinitionScanner   : Scanning file [C:\Users\m.essid\Desktop\Camp\camp\target\classes\com\camping\camp\entities\Role.class]
2023-07-21 02:45:40.560 TRACE 29880 --- [           main] o.s.c.a.ClassPathBeanDefinitionScanner   : Ignored because not matching any filter: file [C:\Users\m.essid\Desktop\Camp\camp\target\classes\com\camping\camp\entities\Role.class]
2023-07-21 02:45:40.560 TRACE 29880 --- [           main] o.s.c.a.ClassPathBeanDefinitionScanner   : Scanning file [C:\Users\m.essid\Desktop\Camp\camp\target\classes\com\camping\camp\entities\User.class]
2023-07-21 02:45:40.561 TRACE 29880 --- [           main] o.s.c.a.ClassPathBeanDefinitionScanner   : Ignored because not matching any filter: file [C:\Users\m.essid\Desktop\Camp\camp\target\classes\com\camping\camp\entities\User.class]
2023-07-21 02:45:40.561 TRACE 29880 --- [           main] o.s.c.a.ClassPathBeanDefinitionScanner   : Scanning file [C:\Users\m.essid\Desktop\Camp\camp\target\classes\com\camping\camp\entities\campCenter.class]
2023-07-21 02:45:40.562 TRACE 29880 --- [           main] o.s.c.a.ClassPathBeanDefinitionScanner   : Ignored because not matching any filter: file [C:\Users\m.essid\Desktop\Camp\camp\target\classes\com\camping\camp\entities\campCenter.class]
2023-07-21 02:45:40.562 TRACE 29880 --- [           main] o.s.c.a.ClassPathBeanDefinitionScanner   : Scanning file [C:\Users\m.essid\Desktop\Camp\camp\target\classes\com\camping\camp\entities\category.class]
2023-07-21 02:45:40.563 TRACE 29880 --- [           main] o.s.c.a.ClassPathBeanDefinitionScanner   : Ignored because not matching any filter: file [C:\Users\m.essid\Desktop\Camp\camp\target\classes\com\camping\camp\entities\category.class]
2023-07-21 02:45:40.563 TRACE 29880 --- [           main] o.s.c.a.ClassPathBeanDefinitionScanner   : Scanning file [C:\Users\m.essid\Desktop\Camp\camp\target\classes\com\camping\camp\entities\complaint.class]
2023-07-21 02:45:40.564 TRACE 29880 --- [           main] o.s.c.a.ClassPathBeanDefinitionScanner   : Ignored because not matching any filter: file [C:\Users\m.essid\Desktop\Camp\camp\target\classes\com\camping\camp\entities\complaint.class]
2023-07-21 02:45:40.564 TRACE 29880 --- [           main] o.s.c.a.ClassPathBeanDefinitionScanner   : Scanning file [C:\Users\m.essid\Desktop\Camp\camp\target\classes\com\camping\camp\entities\products.class]
2023-07-21 02:45:40.565 TRACE 29880 --- [           main] o.s.c.a.ClassPathBeanDefinitionScanner   : Ignored because not matching any filter: file [C:\Users\m.essid\Desktop\Camp\camp\target\classes\com\camping\camp\entities\products.class]
2023-07-21 02:45:40.565 TRACE 29880 --- [           main] o.s.c.a.ClassPathBeanDefinitionScanner   : Scanning file [C:\Users\m.essid\Desktop\Camp\camp\target\classes\com\camping\camp\repositories\CommentaireRepository.class]
2023-07-21 02:45:40.567 DEBUG 29880 --- [           main] o.s.c.a.ClassPathBeanDefinitionScanner   : Ignored because not a concrete top-level class: file [C:\Users\m.essid\Desktop\Camp\camp\target\classes\com\camping\camp\repositories\CommentaireRepository.class]
2023-07-21 02:45:40.567 TRACE 29880 --- [           main] o.s.c.a.ClassPathBeanDefinitionScanner   : Scanning file [C:\Users\m.essid\Desktop\Camp\camp\target\classes\com\camping\camp\repositories\PublicationRepository.class]
2023-07-21 02:45:40.568 DEBUG 29880 --- [           main] o.s.c.a.ClassPathBeanDefinitionScanner   : Ignored because not a concrete top-level class: file [C:\Users\m.essid\Desktop\Camp\camp\target\classes\com\camping\camp\repositories\PublicationRepository.class]
2023-07-21 02:45:40.569 TRACE 29880 --- [           main] o.s.c.a.ClassPathBeanDefinitionScanner   : Scanning file [C:\Users\m.essid\Desktop\Camp\camp\target\classes\com\camping\camp\repositories\RoleRepository.class]
2023-07-21 02:45:40.569 DEBUG 29880 --- [           main] o.s.c.a.ClassPathBeanDefinitionScanner   : Ignored because not a concrete top-level class: file [C:\Users\m.essid\Desktop\Camp\camp\target\classes\com\camping\camp\repositories\RoleRepository.class]
2023-07-21 02:45:40.569 TRACE 29880 --- [           main] o.s.c.a.ClassPathBeanDefinitionScanner   : Scanning file [C:\Users\m.essid\Desktop\Camp\camp\target\classes\com\camping\camp\repositories\UserRepository.class]
2023-07-21 02:45:40.571 DEBUG 29880 --- [           main] o.s.c.a.ClassPathBeanDefinitionScanner   : Ignored because not a concrete top-level class: file [C:\Users\m.essid\Desktop\Camp\camp\target\classes\com\camping\camp\repositories\UserRepository.class]
2023-07-21 02:45:40.571 TRACE 29880 --- [           main] o.s.c.a.ClassPathBeanDefinitionScanner   : Scanning file [C:\Users\m.essid\Desktop\Camp\camp\target\classes\com\camping\camp\services\Impl\CommentaireServiceImp.class]
2023-07-21 02:45:40.572 DEBUG 29880 --- [           main] o.s.c.a.ClassPathBeanDefinitionScanner   : Identified candidate component class: file [C:\Users\m.essid\Desktop\Camp\camp\target\classes\com\camping\camp\services\Impl\CommentaireServiceImp.class]
2023-07-21 02:45:40.572 TRACE 29880 --- [           main] o.s.c.a.ClassPathBeanDefinitionScanner   : Scanning file [C:\Users\m.essid\Desktop\Camp\camp\target\classes\com\camping\camp\services\Impl\LocalUserDetailService.class]
2023-07-21 02:45:40.573 DEBUG 29880 --- [           main] o.s.c.a.ClassPathBeanDefinitionScanner   : Identified candidate component class: file [C:\Users\m.essid\Desktop\Camp\camp\target\classes\com\camping\camp\services\Impl\LocalUserDetailService.class]
2023-07-21 02:45:40.573 TRACE 29880 --- [           main] o.s.c.a.ClassPathBeanDefinitionScanner   : Scanning file [C:\Users\m.essid\Desktop\Camp\camp\target\classes\com\camping\camp\services\Impl\PublicationServiceImp.class]
2023-07-21 02:45:40.574 DEBUG 29880 --- [           main] o.s.c.a.ClassPathBeanDefinitionScanner   : Identified candidate component class: file [C:\Users\m.essid\Desktop\Camp\camp\target\classes\com\camping\camp\services\Impl\PublicationServiceImp.class]
2023-07-21 02:45:40.574 TRACE 29880 --- [           main] o.s.c.a.ClassPathBeanDefinitionScanner   : Scanning file [C:\Users\m.essid\Desktop\Camp\camp\target\classes\com\camping\camp\services\Impl\UserServiceImpl.class]
2023-07-21 02:45:40.575 DEBUG 29880 --- [           main] o.s.c.a.ClassPathBeanDefinitionScanner   : Identified candidate component class: file [C:\Users\m.essid\Desktop\Camp\camp\target\classes\com\camping\camp\services\Impl\UserServiceImpl.class]
2023-07-21 02:45:40.575 TRACE 29880 --- [           main] o.s.c.a.ClassPathBeanDefinitionScanner   : Scanning file [C:\Users\m.essid\Desktop\Camp\camp\target\classes\com\camping\camp\services\UserService.class]
2023-07-21 02:45:40.575 TRACE 29880 --- [           main] o.s.c.a.ClassPathBeanDefinitionScanner   : Ignored because not matching any filter: file [C:\Users\m.essid\Desktop\Camp\camp\target\classes\com\camping\camp\services\UserService.class]
2023-07-21 02:45:40.701 TRACE 29880 --- [           main] o.s.c.io.support.SpringFactoriesLoader   : Loaded [org.springframework.boot.autoconfigure.AutoConfigurationImportFilter] names: [org.springframework.boot.autoconfigure.condition.OnBeanCondition, org.springframework.boot.autoconfigure.condition.OnClassCondition, org.springframework.boot.autoconfigure.condition.OnWebApplicationCondition]
2023-07-21 02:45:40.719 TRACE 29880 --- [           main] o.s.b.f.s.DefaultListableBeanFactory     : Returning cached instance of singleton bean 'autoConfigurationReport'
2023-07-21 02:45:40.783 TRACE 29880 --- [           main] o.s.b.a.condition.OnClassCondition       : Condition OnClassCondition on org.springframework.boot.devtools.autoconfigure.DevToolsR2dbcAutoConfiguration did not match due to @ConditionalOnClass did not find required class 'io.r2dbc.spi.ConnectionFactory'
2023-07-21 02:45:40.784 TRACE 29880 --- [           main] o.s.b.a.condition.OnClassCondition       : Condition OnClassCondition on org.springframework.boot.autoconfigure.amqp.RabbitAutoConfiguration did not match due to @ConditionalOnClass did not find required class 'com.rabbitmq.client.Channel'
2023-07-21 02:45:40.784 TRACE 29880 --- [           main] o.s.b.a.condition.OnClassCondition       : Condition OnClassCondition on org.springframework.boot.autoconfigure.batch.BatchAutoConfiguration did not match due to @ConditionalOnClass did not find required class 'org.springframework.batch.core.launch.JobLauncher'
2023-07-21 02:45:40.784 TRACE 29880 --- [           main] o.s.b.a.condition.OnClassCondition       : Condition OnClassCondition on org.springframework.boot.autoconfigure.cassandra.CassandraAutoConfiguration did not match due to @ConditionalOnClass did not find required class 'com.datastax.oss.driver.api.core.CqlSession'
2023-07-21 02:45:40.784 TRACE 29880 --- [           main] o.s.b.a.condition.OnClassCondition       : Condition OnClassCondition on org.springframework.boot.autoconfigure.couchbase.CouchbaseAutoConfiguration did not match due to @ConditionalOnClass did not find required class 'com.couchbase.client.java.Cluster'
2023-07-21 02:45:40.784 TRACE 29880 --- [           main] o.s.b.a.condition.OnClassCondition       : Condition OnClassCondition on org.springframework.boot.autoconfigure.data.cassandra.CassandraDataAutoConfiguration did not match due to @ConditionalOnClass did not find required class 'com.datastax.oss.driver.api.core.CqlSession'
[...]

2023-07-21 02:45:46.954 ERROR 29880 --- [           main] o.s.test.context.TestContextManager      : Caught exception while allowing TestExecutionListener [org.springframework.test.context.web.ServletTestExecutionListener@e98770d] to prepare test instance [com.camping.camp.CampApplicationTests@76e2a621]

java.lang.IllegalStateException: Failed to load ApplicationContext
	at org.springframework.test.context.cache.DefaultCacheAwareContextLoaderDelegate.loadContext(DefaultCacheAwareContextLoaderDelegate.java:98) ~[spring-test-5.3.27.jar:5.3.27]
	at org.springframework.test.context.support.DefaultTestContext.getApplicationContext(DefaultTestContext.java:124) ~[spring-test-5.3.27.jar:5.3.27]
	at org.springframework.test.context.web.ServletTestExecutionListener.setUpRequestContextIfNecessary(ServletTestExecutionListener.java:190) ~[spring-test-5.3.27.jar:5.3.27]
	at org.springframework.test.context.web.ServletTestExecutionListener.prepareTestInstance(ServletTestExecutionListener.java:132) ~[spring-test-5.3.27.jar:5.3.27]
	at org.springframework.test.context.TestContextManager.prepareTestInstance(TestContextManager.java:248) ~[spring-test-5.3.27.jar:5.3.27]
	at org.springframework.test.context.junit.jupiter.SpringExtension.postProcessTestInstance(SpringExtension.java:138) ~[spring-test-5.3.27.jar:5.3.27]
	at org.junit.jupiter.engine.descriptor.ClassBasedTestDescriptor.lambda$invokeTestInstancePostProcessors$8(ClassBasedTestDescriptor.java:363) ~[junit-jupiter-engine-5.8.2.jar:5.8.2]
	at org.junit.jupiter.engine.descriptor.ClassBasedTestDescriptor.executeAndMaskThrowable(ClassBasedTestDescriptor.java:368) ~[junit-jupiter-engine-5.8.2.jar:5.8.2]
	at org.junit.jupiter.engine.descriptor.ClassBasedTestDescriptor.lambda$invokeTestInstancePostProcessors$9(ClassBasedTestDescriptor.java:363) ~[junit-jupiter-engine-5.8.2.jar:5.8.2]
	at java.base/java.util.stream.ReferencePipeline$3$1.accept(ReferencePipeline.java:195) ~[na:na]
	at java.base/java.util.stream.ReferencePipeline$2$1.accept(ReferencePipeline.java:177) ~[na:na]
	at java.base/java.util.ArrayList$ArrayListSpliterator.forEachRemaining(ArrayList.java:1655) ~[na:na]
	at java.base/java.util.stream.AbstractPipeline.copyInto(AbstractPipeline.java:484) ~[na:na]
	at java.base/java.util.stream.AbstractPipeline.wrapAndCopyInto(AbstractPipeline.java:474) ~[na:na]
	at java.base/java.util.stream.StreamSpliterators$WrappingSpliterator.forEachRemaining(StreamSpliterators.java:312) ~[na:na]
	at java.base/java.util.stream.Streams$ConcatSpliterator.forEachRemaining(Streams.java:735) ~[na:na]
	at java.base/java.util.stream.Streams$ConcatSpliterator.forEachRemaining(Streams.java:734) ~[na:na]
	at java.base/java.util.stream.ReferencePipeline$Head.forEach(ReferencePipeline.java:658) ~[na:na]
	at org.junit.jupiter.engine.descriptor.ClassBasedTestDescriptor.invokeTestInstancePostProcessors(ClassBasedTestDescriptor.java:362) ~[junit-jupiter-engine-5.8.2.jar:5.8.2]
	at org.junit.jupiter.engine.descriptor.ClassBasedTestDescriptor.lambda$instantiateAndPostProcessTestInstance$6(ClassBasedTestDescriptor.java:283) ~[junit-jupiter-engine-5.8.2.jar:5.8.2]
	at org.junit.platform.engine.support.hierarchical.ThrowableCollector.execute(ThrowableCollector.java:73) ~[junit-platform-engine-1.8.2.jar:1.8.2]
	at org.junit.jupiter.engine.descriptor.ClassBasedTestDescriptor.instantiateAndPostProcessTestInstance(ClassBasedTestDescriptor.java:282) ~[junit-jupiter-engine-5.8.2.jar:5.8.2]
	at org.junit.jupiter.engine.descriptor.ClassBasedTestDescriptor.lambda$testInstancesProvider$4(ClassBasedTestDescriptor.java:272) ~[junit-jupiter-engine-5.8.2.jar:5.8.2]
	at java.base/java.util.Optional.orElseGet(Optional.java:369) ~[na:na]
	at org.junit.jupiter.engine.descriptor.ClassBasedTestDescriptor.lambda$testInstancesProvider$5(ClassBasedTestDescriptor.java:271) ~[junit-jupiter-engine-5.8.2.jar:5.8.2]
	at org.junit.jupiter.engine.execution.TestInstancesProvider.getTestInstances(TestInstancesProvider.java:31) ~[junit-jupiter-engine-5.8.2.jar:5.8.2]
	at org.junit.jupiter.engine.descriptor.TestMethodTestDescriptor.lambda$prepare$0(TestMethodTestDescriptor.java:102) ~[junit-jupiter-engine-5.8.2.jar:5.8.2]
	at org.junit.platform.engine.support.hierarchical.ThrowableCollector.execute(ThrowableCollector.java:73) ~[junit-platform-engine-1.8.2.jar:1.8.2]
	at org.junit.jupiter.engine.descriptor.TestMethodTestDescriptor.prepare(TestMethodTestDescriptor.java:101) ~[junit-jupiter-engine-5.8.2.jar:5.8.2]
	at org.junit.jupiter.engine.descriptor.TestMethodTestDescriptor.prepare(TestMethodTestDescriptor.java:66) ~[junit-jupiter-engine-5.8.2.jar:5.8.2]
	at org.junit.platform.engine.support.hierarchical.NodeTestTask.lambda$prepare$2(NodeTestTask.java:123) ~[junit-platform-engine-1.8.2.jar:1.8.2]
	at org.junit.platform.engine.support.hierarchical.ThrowableCollector.execute(ThrowableCollector.java:73) ~[junit-platform-engine-1.8.2.jar:1.8.2]
	at org.junit.platform.engine.support.hierarchical.NodeTestTask.prepare(NodeTestTask.java:123) ~[junit-platform-engine-1.8.2.jar:1.8.2]
	at org.junit.platform.engine.support.hierarchical.NodeTestTask.execute(NodeTestTask.java:90) ~[junit-platform-engine-1.8.2.jar:1.8.2]
	at java.base/java.util.ArrayList.forEach(ArrayList.java:1541) ~[na:na]
	at org.junit.platform.engine.support.hierarchical.SameThreadHierarchicalTestExecutorService.invokeAll(SameThreadHierarchicalTestExecutorService.java:41) ~[junit-platform-engine-1.8.2.jar:1.8.2]
	at org.junit.platform.engine.support.hierarchical.NodeTestTask.lambda$executeRecursively$6(NodeTestTask.java:155) ~[junit-platform-engine-1.8.2.jar:1.8.2]
	at org.junit.platform.engine.support.hierarchical.ThrowableCollector.execute(ThrowableCollector.java:73) ~[junit-platform-engine-1.8.2.jar:1.8.2]
	at org.junit.platform.engine.support.hierarchical.NodeTestTask.lambda$executeRecursively$8(NodeTestTask.java:141) ~[junit-platform-engine-1.8.2.jar:1.8.2]
	at org.junit.platform.engine.support.hierarchical.Node.around(Node.java:137) ~[junit-platform-engine-1.8.2.jar:1.8.2]
	at org.junit.platform.engine.support.hierarchical.NodeTestTask.lambda$executeRecursively$9(NodeTestTask.java:139) ~[junit-platform-engine-1.8.2.jar:1.8.2]
	at org.junit.platform.engine.support.hierarchical.ThrowableCollector.execute(ThrowableCollector.java:73) ~[junit-platform-engine-1.8.2.jar:1.8.2]
	at org.junit.platform.engine.support.hierarchical.NodeTestTask.executeRecursively(NodeTestTask.java:138) ~[junit-platform-engine-1.8.2.jar:1.8.2]
	at org.junit.platform.engine.support.hierarchical.NodeTestTask.execute(NodeTestTask.java:95) ~[junit-platform-engine-1.8.2.jar:1.8.2]
	at java.base/java.util.ArrayList.forEach(ArrayList.java:1541) ~[na:na]
	at org.junit.platform.engine.support.hierarchical.SameThreadHierarchicalTestExecutorService.invokeAll(SameThreadHierarchicalTestExecutorService.java:41) ~[junit-platform-engine-1.8.2.jar:1.8.2]
	at org.junit.platform.engine.support.hierarchical.NodeTestTask.lambda$executeRecursively$6(NodeTestTask.java:155) ~[junit-platform-engine-1.8.2.jar:1.8.2]
	at org.junit.platform.engine.support.hierarchical.ThrowableCollector.execute(ThrowableCollector.java:73) ~[junit-platform-engine-1.8.2.jar:1.8.2]
	at org.junit.platform.engine.support.hierarchical.NodeTestTask.lambda$executeRecursively$8(NodeTestTask.java:141) ~[junit-platform-engine-1.8.2.jar:1.8.2]
	at org.junit.platform.engine.support.hierarchical.Node.around(Node.java:137) ~[junit-platform-engine-1.8.2.jar:1.8.2]
	at org.junit.platform.engine.support.hierarchical.NodeTestTask.lambda$executeRecursively$9(NodeTestTask.java:139) ~[junit-platform-engine-1.8.2.jar:1.8.2]
	at org.junit.platform.engine.support.hierarchical.ThrowableCollector.execute(ThrowableCollector.java:73) ~[junit-platform-engine-1.8.2.jar:1.8.2]
	at org.junit.platform.engine.support.hierarchical.NodeTestTask.executeRecursively(NodeTestTask.java:138) ~[junit-platform-engine-1.8.2.jar:1.8.2]
	at org.junit.platform.engine.support.hierarchical.NodeTestTask.execute(NodeTestTask.java:95) ~[junit-platform-engine-1.8.2.jar:1.8.2]
	at org.junit.platform.engine.support.hierarchical.SameThreadHierarchicalTestExecutorService.submit(SameThreadHierarchicalTestExecutorService.java:35) ~[junit-platform-engine-1.8.2.jar:1.8.2]
	at org.junit.platform.engine.support.hierarchical.HierarchicalTestExecutor.execute(HierarchicalTestExecutor.java:57) ~[junit-platform-engine-1.8.2.jar:1.8.2]
	at org.junit.platform.engine.support.hierarchical.HierarchicalTestEngine.execute(HierarchicalTestEngine.java:54) ~[junit-platform-engine-1.8.2.jar:1.8.2]
	at org.junit.platform.launcher.core.DefaultLauncher.execute(DefaultLauncher.java:220) ~[junit-platform-launcher-1.3.1.jar:1.3.1]
	at org.junit.platform.launcher.core.DefaultLauncher.lambda$execute$6(DefaultLauncher.java:188) ~[junit-platform-launcher-1.3.1.jar:1.3.1]
	at org.junit.platform.launcher.core.DefaultLauncher.withInterceptedStreams(DefaultLauncher.java:202) ~[junit-platform-launcher-1.3.1.jar:1.3.1]
	at org.junit.platform.launcher.core.DefaultLauncher.execute(DefaultLauncher.java:181) ~[junit-platform-launcher-1.3.1.jar:1.3.1]
	at org.junit.platform.launcher.core.DefaultLauncher.execute(DefaultLauncher.java:128) ~[junit-platform-launcher-1.3.1.jar:1.3.1]
	at org.apache.maven.surefire.junitplatform.JUnitPlatformProvider.invokeAllTests(JUnitPlatformProvider.java:150) ~[surefire-junit-platform-2.22.2.jar:2.22.2]
	at org.apache.maven.surefire.junitplatform.JUnitPlatformProvider.invoke(JUnitPlatformProvider.java:124) ~[surefire-junit-platform-2.22.2.jar:2.22.2]
	at org.apache.maven.surefire.booter.ForkedBooter.invokeProviderInSameClassLoader(ForkedBooter.java:384) ~[surefire-booter-2.22.2.jar:2.22.2]
	at org.apache.maven.surefire.booter.ForkedBooter.runSuitesInProcess(ForkedBooter.java:345) ~[surefire-booter-2.22.2.jar:2.22.2]
	at org.apache.maven.surefire.booter.ForkedBooter.execute(ForkedBooter.java:126) ~[surefire-booter-2.22.2.jar:2.22.2]
	at org.apache.maven.surefire.booter.ForkedBooter.main(ForkedBooter.java:418) ~[surefire-booter-2.22.2.jar:2.22.2]
Caused by: org.springframework.beans.factory.BeanCreationException: Error creating bean with name 'entityManagerFactory' defined in class path resource [org/springframework/boot/autoconfigure/orm/jpa/HibernateJpaConfiguration.class]: Invocation of init method failed; nested exception is javax.persistence.PersistenceException: [PersistenceUnit: default] Unable to build Hibernate SessionFactory; nested exception is org.hibernate.exception.GenericJDBCException: Unable to open JDBC Connection for DDL execution
	at org.springframework.beans.factory.support.AbstractAutowireCapableBeanFactory.initializeBean(AbstractAutowireCapableBeanFactory.java:1804) ~[spring-beans-5.3.27.jar:5.3.27]
	at org.springframework.beans.factory.support.AbstractAutowireCapableBeanFactory.doCreateBean(AbstractAutowireCapableBeanFactory.java:620) ~[spring-beans-5.3.27.jar:5.3.27]
	at org.springframework.beans.factory.support.AbstractAutowireCapableBeanFactory.createBean(AbstractAutowireCapableBeanFactory.java:542) ~[spring-beans-5.3.27.jar:5.3.27]
	at org.springframework.beans.factory.support.AbstractBeanFactory.lambda$doGetBean$0(AbstractBeanFactory.java:335) ~[spring-beans-5.3.27.jar:5.3.27]
	at org.springframework.beans.factory.support.DefaultSingletonBeanRegistry.getSingleton(DefaultSingletonBeanRegistry.java:234) ~[spring-beans-5.3.27.jar:5.3.27]
	at org.springframework.beans.factory.support.AbstractBeanFactory.doGetBean(AbstractBeanFactory.java:333) ~[spring-beans-5.3.27.jar:5.3.27]
	at org.springframework.beans.factory.support.AbstractBeanFactory.getBean(AbstractBeanFactory.java:208) ~[spring-beans-5.3.27.jar:5.3.27]
	at org.springframework.context.support.AbstractApplicationContext.getBean(AbstractApplicationContext.java:1156) ~[spring-context-5.3.27.jar:5.3.27]
	at org.springframework.context.support.AbstractApplicationContext.finishBeanFactoryInitialization(AbstractApplicationContext.java:910) ~[spring-context-5.3.27.jar:5.3.27]
	at org.springframework.context.support.AbstractApplicationContext.refresh(AbstractApplicationContext.java:583) ~[spring-context-5.3.27.jar:5.3.27]
	at org.springframework.boot.SpringApplication.refresh(SpringApplication.java:731) ~[spring-boot-2.7.12.jar:2.7.12]
	at org.springframework.boot.SpringApplication.refreshContext(SpringApplication.java:408) ~[spring-boot-2.7.12.jar:2.7.12]
	at org.springframework.boot.SpringApplication.run(SpringApplication.java:307) ~[spring-boot-2.7.12.jar:2.7.12]
	at org.springframework.boot.test.context.SpringBootContextLoader.loadContext(SpringBootContextLoader.java:136) ~[spring-boot-test-2.7.12.jar:2.7.12]
	at org.springframework.test.context.cache.DefaultCacheAwareContextLoaderDelegate.loadContextInternal(DefaultCacheAwareContextLoaderDelegate.java:141) ~[spring-test-5.3.27.jar:5.3.27]
	at org.springframework.test.context.cache.DefaultCacheAwareContextLoaderDelegate.loadContext(DefaultCacheAwareContextLoaderDelegate.java:90) ~[spring-test-5.3.27.jar:5.3.27]
	... 67 common frames omitted
Caused by: javax.persistence.PersistenceException: [PersistenceUnit: default] Unable to build Hibernate SessionFactory; nested exception is org.hibernate.exception.GenericJDBCException: Unable to open JDBC Connection for DDL execution
	at org.springframework.orm.jpa.AbstractEntityManagerFactoryBean.buildNativeEntityManagerFactory(AbstractEntityManagerFactoryBean.java:421) ~[spring-orm-5.3.27.jar:5.3.27]
	at org.springframework.orm.jpa.AbstractEntityManagerFactoryBean.afterPropertiesSet(AbstractEntityManagerFactoryBean.java:396) ~[spring-orm-5.3.27.jar:5.3.27]
	at org.springframework.orm.jpa.LocalContainerEntityManagerFactoryBean.afterPropertiesSet(LocalContainerEntityManagerFactoryBean.java:341) ~[spring-orm-5.3.27.jar:5.3.27]
	at org.springframework.beans.factory.support.AbstractAutowireCapableBeanFactory.invokeInitMethods(AbstractAutowireCapableBeanFactory.java:1863) ~[spring-beans-5.3.27.jar:5.3.27]
	at org.springframework.beans.factory.support.AbstractAutowireCapableBeanFactory.initializeBean(AbstractAutowireCapableBeanFactory.java:1800) ~[spring-beans-5.3.27.jar:5.3.27]
	... 82 common frames omitted
Caused by: org.hibernate.exception.GenericJDBCException: Unable to open JDBC Connection for DDL execution
	at org.hibernate.exception.internal.StandardSQLExceptionConverter.convert(StandardSQLExceptionConverter.java:42) ~[hibernate-core-5.6.15.Final.jar:5.6.15.Final]
	at org.hibernate.engine.jdbc.spi.SqlExceptionHelper.convert(SqlExceptionHelper.java:113) ~[hibernate-core-5.6.15.Final.jar:5.6.15.Final]
	at org.hibernate.engine.jdbc.spi.SqlExceptionHelper.convert(SqlExceptionHelper.java:99) ~[hibernate-core-5.6.15.Final.jar:5.6.15.Final]
	at org.hibernate.resource.transaction.backend.jdbc.internal.DdlTransactionIsolatorNonJtaImpl.getIsolatedConnection(DdlTransactionIsolatorNonJtaImpl.java:71) ~[hibernate-core-5.6.15.Final.jar:5.6.15.Final]
	at org.hibernate.tool.schema.internal.exec.ImprovedExtractionContextImpl.getJdbcConnection(ImprovedExtractionContextImpl.java:63) ~[hibernate-core-5.6.15.Final.jar:5.6.15.Final]
	at org.hibernate.tool.schema.internal.exec.ImprovedExtractionContextImpl.getJdbcDatabaseMetaData(ImprovedExtractionContextImpl.java:70) ~[hibernate-core-5.6.15.Final.jar:5.6.15.Final]
	at org.hibernate.tool.schema.extract.internal.InformationExtractorJdbcDatabaseMetaDataImpl.processTableResultSet(InformationExtractorJdbcDatabaseMetaDataImpl.java:64) ~[hibernate-core-5.6.15.Final.jar:5.6.15.Final]
	at org.hibernate.tool.schema.extract.internal.AbstractInformationExtractorImpl.getTables(AbstractInformationExtractorImpl.java:565) ~[hibernate-core-5.6.15.Final.jar:5.6.15.Final]
	at org.hibernate.tool.schema.extract.internal.DatabaseInformationImpl.getTablesInformation(DatabaseInformationImpl.java:122) ~[hibernate-core-5.6.15.Final.jar:5.6.15.Final]
	at org.hibernate.tool.schema.internal.GroupedSchemaMigratorImpl.performTablesMigration(GroupedSchemaMigratorImpl.java:68) ~[hibernate-core-5.6.15.Final.jar:5.6.15.Final]
	at org.hibernate.tool.schema.internal.AbstractSchemaMigrator.performMigration(AbstractSchemaMigrator.java:220) ~[hibernate-core-5.6.15.Final.jar:5.6.15.Final]
	at org.hibernate.tool.schema.internal.AbstractSchemaMigrator.doMigration(AbstractSchemaMigrator.java:123) ~[hibernate-core-5.6.15.Final.jar:5.6.15.Final]
	at org.hibernate.tool.schema.spi.SchemaManagementToolCoordinator.performDatabaseAction(SchemaManagementToolCoordinator.java:196) ~[hibernate-core-5.6.15.Final.jar:5.6.15.Final]
	at org.hibernate.tool.schema.spi.SchemaManagementToolCoordinator.process(SchemaManagementToolCoordinator.java:85) ~[hibernate-core-5.6.15.Final.jar:5.6.15.Final]
	at org.hibernate.internal.SessionFactoryImpl.<init>(SessionFactoryImpl.java:335) ~[hibernate-core-5.6.15.Final.jar:5.6.15.Final]
	at org.hibernate.boot.internal.SessionFactoryBuilderImpl.build(SessionFactoryBuilderImpl.java:471) ~[hibernate-core-5.6.15.Final.jar:5.6.15.Final]
	at org.hibernate.jpa.boot.internal.EntityManagerFactoryBuilderImpl.build(EntityManagerFactoryBuilderImpl.java:1498) ~[hibernate-core-5.6.15.Final.jar:5.6.15.Final]
	at org.springframework.orm.jpa.vendor.SpringHibernateJpaPersistenceProvider.createContainerEntityManagerFactory(SpringHibernateJpaPersistenceProvider.java:58) ~[spring-orm-5.3.27.jar:5.3.27]
	at org.springframework.orm.jpa.LocalContainerEntityManagerFactoryBean.createNativeEntityManagerFactory(LocalContainerEntityManagerFactoryBean.java:365) ~[spring-orm-5.3.27.jar:5.3.27]
	at org.springframework.orm.jpa.AbstractEntityManagerFactoryBean.buildNativeEntityManagerFactory(AbstractEntityManagerFactoryBean.java:409) ~[spring-orm-5.3.27.jar:5.3.27]
	... 86 common frames omitted
Caused by: java.sql.SQLException: Accès refusé pour l'utilisateur: 'root'@'@localhost' (mot de passe: OUI)
	at com.mysql.cj.jdbc.exceptions.SQLError.createSQLException(SQLError.java:130) ~[mysql-connector-j-8.0.33.jar:8.0.33]
	at com.mysql.cj.jdbc.exceptions.SQLExceptionsMapping.translateException(SQLExceptionsMapping.java:122) ~[mysql-connector-j-8.0.33.jar:8.0.33]
	at com.mysql.cj.jdbc.ConnectionImpl.createNewIO(ConnectionImpl.java:825) ~[mysql-connector-j-8.0.33.jar:8.0.33]
	at com.mysql.cj.jdbc.ConnectionImpl.<init>(ConnectionImpl.java:446) ~[mysql-connector-j-8.0.33.jar:8.0.33]
	at com.mysql.cj.jdbc.ConnectionImpl.getInstance(ConnectionImpl.java:239) ~[mysql-connector-j-8.0.33.jar:8.0.33]
	at com.mysql.cj.jdbc.NonRegisteringDriver.connect(NonRegisteringDriver.java:188) ~[mysql-connector-j-8.0.33.jar:8.0.33]
	at com.zaxxer.hikari.util.DriverDataSource.getConnection(DriverDataSource.java:138) ~[HikariCP-4.0.3.jar:na]
	at com.zaxxer.hikari.pool.PoolBase.newConnection(PoolBase.java:364) ~[HikariCP-4.0.3.jar:na]
	at com.zaxxer.hikari.pool.PoolBase.newPoolEntry(PoolBase.java:206) ~[HikariCP-4.0.3.jar:na]
	at com.zaxxer.hikari.pool.HikariPool.createPoolEntry(HikariPool.java:476) ~[HikariCP-4.0.3.jar:na]
	at com.zaxxer.hikari.pool.HikariPool.checkFailFast(HikariPool.java:561) ~[HikariCP-4.0.3.jar:na]
	at com.zaxxer.hikari.pool.HikariPool.<init>(HikariPool.java:115) ~[HikariCP-4.0.3.jar:na]
	at com.zaxxer.hikari.HikariDataSource.getConnection(HikariDataSource.java:112) ~[HikariCP-4.0.3.jar:na]
	at org.hibernate.engine.jdbc.connections.internal.DatasourceConnectionProviderImpl.getConnection(DatasourceConnectionProviderImpl.java:122) ~[hibernate-core-5.6.15.Final.jar:5.6.15.Final]
	at org.hibernate.engine.jdbc.env.internal.JdbcEnvironmentInitiator$ConnectionProviderJdbcConnectionAccess.obtainConnection(JdbcEnvironmentInitiator.java:181) ~[hibernate-core-5.6.15.Final.jar:5.6.15.Final]
	at org.hibernate.resource.transaction.backend.jdbc.internal.DdlTransactionIsolatorNonJtaImpl.getIsolatedConnection(DdlTransactionIsolatorNonJtaImpl.java:44) ~[hibernate-core-5.6.15.Final.jar:5.6.15.Final]
	... 102 common frames omitted

]]></system-out>
  </testcase>
</testsuite>